This is pdfTeX, Version 3.1415926-2.3-1.40.12 (MiKTeX 2.9) (preloaded format=pdflatex 2012.5.27)  26 DEC 2014 22:13
entering extended mode
**C:/Users/Idit*Keidar/Desktop/AutomaticOptimisticSynchronization/Tex/src-SPAA/
document.tex

("C:/Users/Idit Keidar/Desktop/AutomaticOptimisticSynchronization/Tex/src-SPAA/
document.tex"
LaTeX2e <2011/06/27>
Babel <v3.8m> and hyphenation patterns for english, afrikaans, ancientgreek, ar
abic, armenian, assamese, basque, bengali, bokmal, bulgarian, catalan, coptic, 
croatian, czech, danish, dutch, esperanto, estonian, farsi, finnish, french, ga
lician, german, german-x-2009-06-19, greek, gujarati, hindi, hungarian, iceland
ic, indonesian, interlingua, irish, italian, kannada, kurmanji, lao, latin, lat
vian, lithuanian, malayalam, marathi, mongolian, mongolianlmc, monogreek, ngerm
an, ngerman-x-2009-06-19, nynorsk, oriya, panjabi, pinyin, polish, portuguese, 
romanian, russian, sanskrit, serbian, slovak, slovenian, spanish, swedish, swis
sgerman, tamil, telugu, turkish, turkmen, ukenglish, ukrainian, uppersorbian, u
senglishmax, welsh, loaded.

("C:\Users\Idit Keidar\Desktop\AutomaticOptimisticSynchronization\Tex\src-SPAA\
sig-alternate.cls"
("C:\Program Files (x86)\MiKTeX 2.9\tex\latex\graphics\epsfig.sty"
Package: epsfig 1999/02/16 v1.7a (e)psfig emulation (SPQR)

("C:\Program Files (x86)\MiKTeX 2.9\tex\latex\graphics\graphicx.sty"
Package: graphicx 1999/02/16 v1.0f Enhanced LaTeX Graphics (DPC,SPQR)

("C:\Program Files (x86)\MiKTeX 2.9\tex\latex\graphics\keyval.sty"
Package: keyval 1999/03/16 v1.13 key=value parser (DPC)
\KV@toks@=\toks14
)
("C:\Program Files (x86)\MiKTeX 2.9\tex\latex\graphics\graphics.sty"
Package: graphics 2009/02/05 v1.0o Standard LaTeX Graphics (DPC,SPQR)

("C:\Program Files (x86)\MiKTeX 2.9\tex\latex\graphics\trig.sty"
Package: trig 1999/03/16 v1.09 sin cos tan (DPC)
)
("C:\Program Files (x86)\MiKTeX 2.9\tex\latex\00miktex\graphics.cfg"
File: graphics.cfg 2007/01/18 v1.5 graphics configuration of teTeX/TeXLive
)
Package graphics Info: Driver file: pdftex.def on input line 91.

("C:\Program Files (x86)\MiKTeX 2.9\tex\latex\pdftex-def\pdftex.def"
File: pdftex.def 2011/05/27 v0.06d Graphics/color for pdfTeX

("C:\Program Files (x86)\MiKTeX 2.9\tex\generic\oberdiek\infwarerr.sty"
Package: infwarerr 2010/04/08 v1.3 Providing info/warning/message (HO)
)
("C:\Program Files (x86)\MiKTeX 2.9\tex\generic\oberdiek\ltxcmds.sty"
Package: ltxcmds 2011/04/18 v1.20 LaTeX kernel commands for general use (HO)
)
\Gread@gobject=\count79
))
\Gin@req@height=\dimen102
\Gin@req@width=\dimen103
)
\epsfxsize=\dimen104
\epsfysize=\dimen105
)
("C:\Program Files (x86)\MiKTeX 2.9\tex\latex\amsfonts\amssymb.sty"
Package: amssymb 2009/06/22 v3.00

("C:\Program Files (x86)\MiKTeX 2.9\tex\latex\amsfonts\amsfonts.sty"
Package: amsfonts 2009/06/22 v3.00 Basic AMSFonts support
\@emptytoks=\toks15
\symAMSa=\mathgroup4
\symAMSb=\mathgroup5
LaTeX Font Info:    Overwriting math alphabet `\mathfrak' in version `bold'
(Font)                  U/euf/m/n --> U/euf/b/n on input line 96.
))
("C:\Program Files (x86)\MiKTeX 2.9\tex\latex\ams\math\amsmath.sty"
Package: amsmath 2000/07/18 v2.13 AMS math features
\@mathmargin=\skip41

For additional information on amsmath, use the `?' option.
("C:\Program Files (x86)\MiKTeX 2.9\tex\latex\ams\math\amstext.sty"
Package: amstext 2000/06/29 v2.01

("C:\Program Files (x86)\MiKTeX 2.9\tex\latex\ams\math\amsgen.sty"
File: amsgen.sty 1999/11/30 v2.0
\@emptytoks=\toks16
\ex@=\dimen106
))
("C:\Program Files (x86)\MiKTeX 2.9\tex\latex\ams\math\amsbsy.sty"
Package: amsbsy 1999/11/29 v1.2d
\pmbraise@=\dimen107
)
("C:\Program Files (x86)\MiKTeX 2.9\tex\latex\ams\math\amsopn.sty"
Package: amsopn 1999/12/14 v2.01 operator names
)
\inf@bad=\count80
LaTeX Info: Redefining \frac on input line 211.
\uproot@=\count81
\leftroot@=\count82
LaTeX Info: Redefining \overline on input line 307.
\classnum@=\count83
\DOTSCASE@=\count84
LaTeX Info: Redefining \ldots on input line 379.
LaTeX Info: Redefining \dots on input line 382.
LaTeX Info: Redefining \cdots on input line 467.
\Mathstrutbox@=\box26
\strutbox@=\box27
\big@size=\dimen108
LaTeX Font Info:    Redeclaring font encoding OML on input line 567.
LaTeX Font Info:    Redeclaring font encoding OMS on input line 568.
\macc@depth=\count85
\c@MaxMatrixCols=\count86
\dotsspace@=\muskip10
\c@parentequation=\count87
\dspbrk@lvl=\count88
\tag@help=\toks17
\row@=\count89
\column@=\count90
\maxfields@=\count91
\andhelp@=\toks18
\eqnshift@=\dimen109
\alignsep@=\dimen110
\tagshift@=\dimen111
\tagwidth@=\dimen112
\totwidth@=\dimen113
\lineht@=\dimen114
\@envbody=\toks19
\multlinegap=\skip42
\multlinetaggap=\skip43
\mathdisplay@stack=\toks20
LaTeX Info: Redefining \[ on input line 2666.
LaTeX Info: Redefining \] on input line 2667.
)
Document Class 'sig-alternate' <23rd. May '12>. Modified by G.K.M. Tobin/Gerry 
Murray
Based in part upon document Style `acmconf' <22 May 89>. Hacked 4/91 by
shivers@cs.cmu.edu, 4/93 by theobald@cs.mcgill.ca
Excerpts were taken from (Journal Style) 'esub2acm.cls'.
****** Bugs/comments/suggestions/technicalities to Gerry Murray -- murray@hq.ac
m.org ******
Questions on the style, SIGS policies, etc. to Adrienne Griscti griscti@acm.org

\footheight=\dimen115
\@maxsep=\dimen116
\@dblmaxsep=\dimen117
\aucount=\count92
\originalaucount=\count93
\auwidth=\dimen118
\auskip=\dimen119
\auskipcount=\count94
\auskip=\dimen120
\allauboxes=\dimen121
\addauthors=\toks21
\addauflag=\count95
\subtitletext=\toks22
\savesection=\count96
\sectioncntr=\count97
\c@figure=\count98
\c@table=\count99
\titleboxnotes=\toks23
\titleboxnoteflag=\count100
Document Class: sig-alternate 2012/05/23 - V2.5 - based on acmproc.cls V1.3 <No
v. 30 '99>
("C:\Program Files (x86)\MiKTeX 2.9\tex\latex\base\latexsym.sty"
Package: latexsym 1998/08/17 v2.2e Standard LaTeX package (lasy symbols)
\symlasy=\mathgroup6
LaTeX Font Info:    Overwriting symbol font `lasy' in version `bold'
(Font)                  U/lasy/m/n --> U/lasy/b/n on input line 47.
)
\@acmtitlebox=\box28
\titlenotecount=\count101
\tntoks=\toks24
\tntokstwo=\toks25
\tntoksthree=\toks26
\tntoksfour=\toks27
\tntoksfive=\toks28
\catcount=\count102
\copyrightnotice=\toks29
\conf=\toks30
\confinfo=\toks31
\c@part=\count103
\c@section=\count104
\c@subsection=\count105
\c@subsubsection=\count106
\c@paragraph=\count107

Using 'Abbrev' bibliography style
LaTeX Info: Redefining \cite on input line 1211.
\bibindent=\dimen122
\colcntr=\count108
\saveb@x=\box29
\copyrtyr=\toks32
\acmcopyr=\toks33
\boilerplate=\toks34
\copyrightetc=\toks35
("C:\Program Files (x86)\MiKTeX 2.9\tex\latex\base\fontenc.sty"
Package: fontenc 2005/09/27 v1.99g Standard LaTeX package

("C:\Program Files (x86)\MiKTeX 2.9\tex\latex\base\t1enc.def"
File: t1enc.def 2005/09/27 v1.99g Standard LaTeX file
LaTeX Font Info:    Redeclaring font encoding T1 on input line 43.
)
LaTeX Font Info:    Try loading font information for T1+aer on input line 100.

("C:\Program Files (x86)\MiKTeX 2.9\tex\latex\ae\t1aer.fd"
File: t1aer.fd 1997/11/16 Font definitions for T1/aer.
)))
("C:\Program Files (x86)\MiKTeX 2.9\tex\latex\ltxmisc\url.sty"
\Urlmuskip=\muskip11
Package: url 2006/04/12  ver 3.3  Verb mode for urls, etc.
)
("C:\Program Files (x86)\MiKTeX 2.9\tex\latex\hyperref\hyperref.sty"
Package: hyperref 2011/12/04 v6.82m Hypertext links for LaTeX

("C:\Program Files (x86)\MiKTeX 2.9\tex\generic\oberdiek\hobsub-hyperref.sty"
Package: hobsub-hyperref 2011/04/23 v1.4 Bundle oberdiek, subset hyperref (HO)

("C:\Program Files (x86)\MiKTeX 2.9\tex\generic\oberdiek\hobsub-generic.sty"
Package: hobsub-generic 2011/04/23 v1.4 Bundle oberdiek, subset generic (HO)
Package: hobsub 2011/04/23 v1.4 Subsetting bundle oberdiek (HO)
Package hobsub Info: Skipping package `infwarerr' (already loaded).
Package hobsub Info: Skipping package `ltxcmds' (already loaded).
Package: ifluatex 2010/03/01 v1.3 Provides the ifluatex switch (HO)
Package ifluatex Info: LuaTeX not detected.
Package: ifvtex 2010/03/01 v1.5 Switches for detecting VTeX and its modes (HO)
Package ifvtex Info: VTeX not detected.
Package: intcalc 2007/09/27 v1.1 Expandable integer calculations (HO)
Package: ifpdf 2011/01/30 v2.3 Provides the ifpdf switch (HO)
Package ifpdf Info: pdfTeX in PDF mode is detected.
Package: etexcmds 2011/02/16 v1.5 Prefix for e-TeX command names (HO)
Package etexcmds Info: Could not find \expanded.
(etexcmds)             That can mean that you are not using pdfTeX 1.50 or
(etexcmds)             that some package has redefined \expanded.
(etexcmds)             In the latter case, load this package earlier.
Package: kvsetkeys 2011/04/07 v1.13 Key value parser (HO)
Package: kvdefinekeys 2011/04/07 v1.3 Defining keys (HO)
Package: pdftexcmds 2011/04/22 v0.16 Utilities of pdfTeX for LuaTeX (HO)
Package pdftexcmds Info: LuaTeX not detected.
Package pdftexcmds Info: \pdf@primitive is available.
Package pdftexcmds Info: \pdf@ifprimitive is available.
Package pdftexcmds Info: \pdfdraftmode found.
Package: pdfescape 2011/04/04 v1.12 Provides string conversions (HO)
Package: bigintcalc 2011/01/30 v1.2 Expandable big integer calculations (HO)
Package: bitset 2011/01/30 v1.1 Data type bit set (HO)
Package: uniquecounter 2011/01/30 v1.2 Provides unlimited unique counter (HO)
)
Package hobsub Info: Skipping package `hobsub' (already loaded).
Package: letltxmacro 2010/09/02 v1.4 Let assignment for LaTeX macros (HO)
Package: hopatch 2011/01/30 v1.0 Wrapper for package hooks (HO)
Package: xcolor-patch 2011/01/30 xcolor patch
Package: atveryend 2011/04/23 v1.7 Hooks at very end of document (HO)
Package: atbegshi 2011/01/30 v1.15 At begin shipout hook (HO)
Package: refcount 2010/12/01 v3.2 Data extraction from references (HO)
Package: hycolor 2011/01/30 v1.7 Color options of hyperref/bookmark (HO)
)
("C:\Program Files (x86)\MiKTeX 2.9\tex\generic\ifxetex\ifxetex.sty"
Package: ifxetex 2010/09/12 v0.6 Provides ifxetex conditional
)
("C:\Program Files (x86)\MiKTeX 2.9\tex\latex\oberdiek\kvoptions.sty"
Package: kvoptions 2010/12/23 v3.10 Keyval support for LaTeX options (HO)
)
\@linkdim=\dimen123
\Hy@linkcounter=\count109
\Hy@pagecounter=\count110

("C:\Program Files (x86)\MiKTeX 2.9\tex\latex\hyperref\pd1enc.def"
File: pd1enc.def 2011/12/04 v6.82m Hyperref: PDFDocEncoding definition (HO)
)
\Hy@SavedSpaceFactor=\count111

("C:\Program Files (x86)\MiKTeX 2.9\tex\latex\00miktex\hyperref.cfg"
File: hyperref.cfg 2002/06/06 v1.2 hyperref configuration of TeXLive
)
Package hyperref Info: Option `colorlinks' set `true' on input line 3925.
Package hyperref Info: Option `breaklinks' set `true' on input line 3925.
Package hyperref Info: Option `draft' set `false' on input line 3925.
Package hyperref Info: Hyper figures OFF on input line 4046.
Package hyperref Info: Link nesting OFF on input line 4051.
Package hyperref Info: Hyper index ON on input line 4054.
Package hyperref Info: Plain pages OFF on input line 4061.
Package hyperref Info: Backreferencing OFF on input line 4066.
Package hyperref Info: Implicit mode ON; LaTeX internals redefined.
Package hyperref Info: Bookmarks ON on input line 4284.
\c@Hy@tempcnt=\count112
LaTeX Info: Redefining \url on input line 4637.
\Fld@menulength=\count113
\Field@Width=\dimen124
\Fld@charsize=\dimen125
Package hyperref Info: Hyper figures OFF on input line 5757.
Package hyperref Info: Link nesting OFF on input line 5762.
Package hyperref Info: Hyper index ON on input line 5765.
Package hyperref Info: backreferencing OFF on input line 5772.
Package hyperref Info: Link coloring ON on input line 5775.
Package hyperref Info: Link coloring with OCG OFF on input line 5782.
Package hyperref Info: PDF/A mode OFF on input line 5787.
LaTeX Info: Redefining \ref on input line 5827.
LaTeX Info: Redefining \pageref on input line 5831.


Package hyperref Warning: Option `pdfpagelabels' is turned off
(hyperref)                because \thepage is undefined.

\c@Item=\count114
\c@Hfootnote=\count115
)

Package hyperref Message: Driver (autodetected): hpdftex.

("C:\Program Files (x86)\MiKTeX 2.9\tex\latex\hyperref\hpdftex.def"
File: hpdftex.def 2011/12/04 v6.82m Hyperref driver for pdfTeX
\Fld@listcount=\count116
\c@bookmark@seq@number=\count117

("C:\Program Files (x86)\MiKTeX 2.9\tex\latex\oberdiek\rerunfilecheck.sty"
Package: rerunfilecheck 2011/04/15 v1.7 Rerun checks for auxiliary files (HO)
Package uniquecounter Info: New unique counter `rerunfilecheck' on input line 2
82.
)
\Hy@SectionHShift=\skip44
)
("C:\Program Files (x86)\MiKTeX 2.9\tex\latex\tools\xspace.sty"
Package: xspace 2009/10/20 v1.13 Space after command names (DPC,MH)
)
("C:\Users\Idit Keidar\AppData\Roaming\MiKTeX\2.9\tex\latex\algorithms\algorith
m.sty"
Package: algorithm 2009/08/24 v0.1 Document Style `algorithm' - floating enviro
nment
 ("C:\Program Files (x86)\MiKTeX 2.9\tex\latex\float\float.sty"
Package: float 2001/11/08 v1.3d Float enhancements (AL)
\c@float@type=\count118
\float@exts=\toks36
\float@box=\box30
\@float@everytoks=\toks37
\@floatcapt=\box31
)
("C:\Program Files (x86)\MiKTeX 2.9\tex\latex\base\ifthen.sty"
Package: ifthen 2001/05/26 v1.1c Standard LaTeX ifthen package (DPC)
)
\@float@every@algorithm=\toks38
\c@algorithm=\count119
)
("C:\Users\Idit Keidar\AppData\Roaming\MiKTeX\2.9\tex\latex\algorithmicx\algpse
udocode.sty"
Package: algpseudocode 

("C:\Users\Idit Keidar\AppData\Roaming\MiKTeX\2.9\tex\latex\algorithmicx\algori
thmicx.sty"
Package: algorithmicx 2005/04/27 v1.2 Algorithmicx

Document Style algorithmicx 1.2 - a greatly improved `algorithmic' style
\c@ALG@line=\count120
\c@ALG@rem=\count121
\c@ALG@nested=\count122
\ALG@tlm=\skip45
\ALG@thistlm=\skip46
\c@ALG@Lnr=\count123
\c@ALG@blocknr=\count124
\c@ALG@storecount=\count125
\c@ALG@tmpcounter=\count126
\ALG@tmplength=\skip47
)
Document Style - pseudocode environments for use with the `algorithmicx' style
)
("C:\Users\Idit Keidar\AppData\Roaming\MiKTeX\2.9\tex\latex\caption\subcaption.
sty"
Package: subcaption 2013/02/03 v1.1-62 Sub-captions (AR)

("C:\Users\Idit Keidar\AppData\Roaming\MiKTeX\2.9\tex\latex\caption\caption.sty
"
Package: caption 2013/05/02 v3.3-89 Customizing captions (AR)

("C:\Users\Idit Keidar\AppData\Roaming\MiKTeX\2.9\tex\latex\caption\caption3.st
y"
Package: caption3 2013/05/02 v1.6-88 caption3 kernel (AR)
Package caption3 Info: TeX engine: e-TeX on input line 57.
\captionmargin=\dimen126
\captionmargin@=\dimen127
\captionwidth=\dimen128
\caption@tempdima=\dimen129
\caption@indent=\dimen130
\caption@parindent=\dimen131
\caption@hangindent=\dimen132
\abovecaptionskip=\skip48
\belowcaptionskip=\skip49
Package caption Info: Unknown document class (or package),
(caption)             standard defaults will be used.
)

Package caption Warning: Unsupported document class (or package) detected,
(caption)                usage of the caption package is not recommended.
See the caption package documentation for explanation.

Package caption Info: \@makecaption = \long macro:#1#2-> \vskip 10pt \setbox \@
tempboxa \hbox {\textbf {#1: #2}} \ifdim \wd \@tempboxa >\hsize \textbf {#1: #2
}\par \else \hbox to\hsize {\hfil \box \@tempboxa \hfil } \fi .
\c@ContinuedFloat=\count127
Package caption Info: float package is loaded.
Package caption Info: hyperref package is loaded.
)
\c@subfigure=\count128
\c@subtable=\count129
) ("C:\Users\Idit Keidar\AppData\Roaming\MiKTeX\2.9\tex\latex\xcolor\xcolor.sty
"
Package: xcolor 2007/01/21 v2.11 LaTeX color extensions (UK)
 ("C:\Program Files (x86)\MiKTeX 2.9\tex\latex\00miktex\color.cfg"
File: color.cfg 2007/01/18 v1.5 color configuration of teTeX/TeXLive
)
Package xcolor Info: Driver file: pdftex.def on input line 225.
Package xcolor Info: Model `cmy' substituted by `cmy0' on input line 1337.
Package xcolor Info: Model `hsb' substituted by `rgb' on input line 1341.
Package xcolor Info: Model `RGB' extended on input line 1353.
Package xcolor Info: Model `HTML' substituted by `rgb' on input line 1355.
Package xcolor Info: Model `Hsb' substituted by `hsb' on input line 1356.
Package xcolor Info: Model `tHsb' substituted by `hsb' on input line 1357.
Package xcolor Info: Model `HSB' substituted by `hsb' on input line 1358.
Package xcolor Info: Model `Gray' substituted by `gray' on input line 1359.
Package xcolor Info: Model `wave' substituted by `hsb' on input line 1360.
)
("C:\Users\Idit Keidar\AppData\Roaming\MiKTeX\2.9\tex\latex\pgf\frontendlayer\t
ikz.sty"
("C:\Users\Idit Keidar\AppData\Roaming\MiKTeX\2.9\tex\latex\pgf\basiclayer\pgf.
sty"
("C:\Users\Idit Keidar\AppData\Roaming\MiKTeX\2.9\tex\latex\pgf\utilities\pgfrc
s.sty"
("C:\Users\Idit Keidar\AppData\Roaming\MiKTeX\2.9\tex\generic\pgf\utilities\pgf
util-common.tex"
\pgfutil@everybye=\toks39
)
("C:\Users\Idit Keidar\AppData\Roaming\MiKTeX\2.9\tex\generic\pgf\utilities\pgf
util-latex.def"
\pgfutil@abb=\box32

("C:\Users\Idit Keidar\AppData\Roaming\MiKTeX\2.9\tex\latex\ms\everyshi.sty"
Package: everyshi 2001/05/15 v3.00 EveryShipout Package (MS)
))
("C:\Users\Idit Keidar\AppData\Roaming\MiKTeX\2.9\tex\generic\pgf\utilities\pgf
rcs.code.tex"
Package: pgfrcs 2010/10/25 v2.10 (rcs-revision 1.24)
))
Package: pgf 2008/01/15 v2.10 (rcs-revision 1.12)

("C:\Users\Idit Keidar\AppData\Roaming\MiKTeX\2.9\tex\latex\pgf\basiclayer\pgfc
ore.sty"
("C:\Users\Idit Keidar\AppData\Roaming\MiKTeX\2.9\tex\latex\pgf\systemlayer\pgf
sys.sty"
("C:\Users\Idit Keidar\AppData\Roaming\MiKTeX\2.9\tex\generic\pgf\systemlayer\p
gfsys.code.tex"
Package: pgfsys 2010/06/30 v2.10 (rcs-revision 1.37)

("C:\Users\Idit Keidar\AppData\Roaming\MiKTeX\2.9\tex\generic\pgf\utilities\pgf
keys.code.tex"
\pgfkeys@pathtoks=\toks40
\pgfkeys@temptoks=\toks41

("C:\Users\Idit Keidar\AppData\Roaming\MiKTeX\2.9\tex\generic\pgf\utilities\pgf
keysfiltered.code.tex"
\pgfkeys@tmptoks=\toks42
))
\pgf@x=\dimen133
\pgf@y=\dimen134
\pgf@xa=\dimen135
\pgf@ya=\dimen136
\pgf@xb=\dimen137
\pgf@yb=\dimen138
\pgf@xc=\dimen139
\pgf@yc=\dimen140
\w@pgf@writea=\write3
\r@pgf@reada=\read1
\c@pgf@counta=\count130
\c@pgf@countb=\count131
\c@pgf@countc=\count132
\c@pgf@countd=\count133

("C:\Users\Idit Keidar\AppData\Roaming\MiKTeX\2.9\tex\generic\pgf\systemlayer\p
gf.cfg"
File: pgf.cfg 2008/05/14  (rcs-revision 1.7)
)
Package pgfsys Info: Driver file for pgf: pgfsys-pdftex.def on input line 900.

("C:\Users\Idit Keidar\AppData\Roaming\MiKTeX\2.9\tex\generic\pgf\systemlayer\p
gfsys-pdftex.def"
File: pgfsys-pdftex.def 2009/05/22  (rcs-revision 1.26)

("C:\Users\Idit Keidar\AppData\Roaming\MiKTeX\2.9\tex\generic\pgf\systemlayer\p
gfsys-common-pdf.def"
File: pgfsys-common-pdf.def 2008/05/19  (rcs-revision 1.10)
)))
("C:\Users\Idit Keidar\AppData\Roaming\MiKTeX\2.9\tex\generic\pgf\systemlayer\p
gfsyssoftpath.code.tex"
File: pgfsyssoftpath.code.tex 2008/07/18  (rcs-revision 1.7)
\pgfsyssoftpath@smallbuffer@items=\count134
\pgfsyssoftpath@bigbuffer@items=\count135
)
("C:\Users\Idit Keidar\AppData\Roaming\MiKTeX\2.9\tex\generic\pgf\systemlayer\p
gfsysprotocol.code.tex"
File: pgfsysprotocol.code.tex 2006/10/16  (rcs-revision 1.4)
))
("C:\Users\Idit Keidar\AppData\Roaming\MiKTeX\2.9\tex\generic\pgf\basiclayer\pg
fcore.code.tex"
Package: pgfcore 2010/04/11 v2.10 (rcs-revision 1.7)

("C:\Users\Idit Keidar\AppData\Roaming\MiKTeX\2.9\tex\generic\pgf\math\pgfmath.
code.tex"
("C:\Users\Idit Keidar\AppData\Roaming\MiKTeX\2.9\tex\generic\pgf\math\pgfmathc
alc.code.tex"
("C:\Users\Idit Keidar\AppData\Roaming\MiKTeX\2.9\tex\generic\pgf\math\pgfmathu
til.code.tex")
("C:\Users\Idit Keidar\AppData\Roaming\MiKTeX\2.9\tex\generic\pgf\math\pgfmathp
arser.code.tex"
\pgfmath@dimen=\dimen141
\pgfmath@count=\count136
\pgfmath@box=\box33
\pgfmath@toks=\toks43
\pgfmath@stack@operand=\toks44
\pgfmath@stack@operation=\toks45
)
("C:\Users\Idit Keidar\AppData\Roaming\MiKTeX\2.9\tex\generic\pgf\math\pgfmathf
unctions.code.tex"
("C:\Users\Idit Keidar\AppData\Roaming\MiKTeX\2.9\tex\generic\pgf\math\pgfmathf
unctions.basic.code.tex")
("C:\Users\Idit Keidar\AppData\Roaming\MiKTeX\2.9\tex\generic\pgf\math\pgfmathf
unctions.trigonometric.code.tex")
("C:\Users\Idit Keidar\AppData\Roaming\MiKTeX\2.9\tex\generic\pgf\math\pgfmathf
unctions.random.code.tex")
("C:\Users\Idit Keidar\AppData\Roaming\MiKTeX\2.9\tex\generic\pgf\math\pgfmathf
unctions.comparison.code.tex")
("C:\Users\Idit Keidar\AppData\Roaming\MiKTeX\2.9\tex\generic\pgf\math\pgfmathf
unctions.base.code.tex")
("C:\Users\Idit Keidar\AppData\Roaming\MiKTeX\2.9\tex\generic\pgf\math\pgfmathf
unctions.round.code.tex")
("C:\Users\Idit Keidar\AppData\Roaming\MiKTeX\2.9\tex\generic\pgf\math\pgfmathf
unctions.misc.code.tex")))
("C:\Users\Idit Keidar\AppData\Roaming\MiKTeX\2.9\tex\generic\pgf\math\pgfmathf
loat.code.tex"
\c@pgfmathroundto@lastzeros=\count137
))
("C:\Users\Idit Keidar\AppData\Roaming\MiKTeX\2.9\tex\generic\pgf\basiclayer\pg
fcorepoints.code.tex"
File: pgfcorepoints.code.tex 2010/04/09  (rcs-revision 1.20)
\pgf@picminx=\dimen142
\pgf@picmaxx=\dimen143
\pgf@picminy=\dimen144
\pgf@picmaxy=\dimen145
\pgf@pathminx=\dimen146
\pgf@pathmaxx=\dimen147
\pgf@pathminy=\dimen148
\pgf@pathmaxy=\dimen149
\pgf@xx=\dimen150
\pgf@xy=\dimen151
\pgf@yx=\dimen152
\pgf@yy=\dimen153
\pgf@zx=\dimen154
\pgf@zy=\dimen155
)
("C:\Users\Idit Keidar\AppData\Roaming\MiKTeX\2.9\tex\generic\pgf\basiclayer\pg
fcorepathconstruct.code.tex"
File: pgfcorepathconstruct.code.tex 2010/08/03  (rcs-revision 1.24)
\pgf@path@lastx=\dimen156
\pgf@path@lasty=\dimen157
)
("C:\Users\Idit Keidar\AppData\Roaming\MiKTeX\2.9\tex\generic\pgf\basiclayer\pg
fcorepathusage.code.tex"
File: pgfcorepathusage.code.tex 2008/04/22  (rcs-revision 1.12)
\pgf@shorten@end@additional=\dimen158
\pgf@shorten@start@additional=\dimen159
)
("C:\Users\Idit Keidar\AppData\Roaming\MiKTeX\2.9\tex\generic\pgf\basiclayer\pg
fcorescopes.code.tex"
File: pgfcorescopes.code.tex 2010/09/08  (rcs-revision 1.34)
\pgfpic=\box34
\pgf@hbox=\box35
\pgf@layerbox@main=\box36
\pgf@picture@serial@count=\count138
)
("C:\Users\Idit Keidar\AppData\Roaming\MiKTeX\2.9\tex\generic\pgf\basiclayer\pg
fcoregraphicstate.code.tex"
File: pgfcoregraphicstate.code.tex 2008/04/22  (rcs-revision 1.9)
\pgflinewidth=\dimen160
)
("C:\Users\Idit Keidar\AppData\Roaming\MiKTeX\2.9\tex\generic\pgf\basiclayer\pg
fcoretransformations.code.tex"
File: pgfcoretransformations.code.tex 2009/06/10  (rcs-revision 1.11)
\pgf@pt@x=\dimen161
\pgf@pt@y=\dimen162
\pgf@pt@temp=\dimen163
)
("C:\Users\Idit Keidar\AppData\Roaming\MiKTeX\2.9\tex\generic\pgf\basiclayer\pg
fcorequick.code.tex"
File: pgfcorequick.code.tex 2008/10/09  (rcs-revision 1.3)
)
("C:\Users\Idit Keidar\AppData\Roaming\MiKTeX\2.9\tex\generic\pgf\basiclayer\pg
fcoreobjects.code.tex"
File: pgfcoreobjects.code.tex 2006/10/11  (rcs-revision 1.2)
)
("C:\Users\Idit Keidar\AppData\Roaming\MiKTeX\2.9\tex\generic\pgf\basiclayer\pg
fcorepathprocessing.code.tex"
File: pgfcorepathprocessing.code.tex 2008/10/09  (rcs-revision 1.8)
)
("C:\Users\Idit Keidar\AppData\Roaming\MiKTeX\2.9\tex\generic\pgf\basiclayer\pg
fcorearrows.code.tex"
File: pgfcorearrows.code.tex 2008/04/23  (rcs-revision 1.11)
)
("C:\Users\Idit Keidar\AppData\Roaming\MiKTeX\2.9\tex\generic\pgf\basiclayer\pg
fcoreshade.code.tex"
File: pgfcoreshade.code.tex 2008/11/23  (rcs-revision 1.13)
\pgf@max=\dimen164
\pgf@sys@shading@range@num=\count139
)
("C:\Users\Idit Keidar\AppData\Roaming\MiKTeX\2.9\tex\generic\pgf\basiclayer\pg
fcoreimage.code.tex"
File: pgfcoreimage.code.tex 2010/03/25  (rcs-revision 1.16)

("C:\Users\Idit Keidar\AppData\Roaming\MiKTeX\2.9\tex\generic\pgf\basiclayer\pg
fcoreexternal.code.tex"
File: pgfcoreexternal.code.tex 2010/09/01  (rcs-revision 1.17)
\pgfexternal@startupbox=\box37
))
("C:\Users\Idit Keidar\AppData\Roaming\MiKTeX\2.9\tex\generic\pgf\basiclayer\pg
fcorelayers.code.tex"
File: pgfcorelayers.code.tex 2010/08/27  (rcs-revision 1.2)
)
("C:\Users\Idit Keidar\AppData\Roaming\MiKTeX\2.9\tex\generic\pgf\basiclayer\pg
fcoretransparency.code.tex"
File: pgfcoretransparency.code.tex 2008/01/17  (rcs-revision 1.2)
)
("C:\Users\Idit Keidar\AppData\Roaming\MiKTeX\2.9\tex\generic\pgf\basiclayer\pg
fcorepatterns.code.tex"
File: pgfcorepatterns.code.tex 2009/07/02  (rcs-revision 1.3)
)))
("C:\Users\Idit Keidar\AppData\Roaming\MiKTeX\2.9\tex\generic\pgf\modules\pgfmo
duleshapes.code.tex"
File: pgfmoduleshapes.code.tex 2010/09/09  (rcs-revision 1.13)
\pgfnodeparttextbox=\box38
)
("C:\Users\Idit Keidar\AppData\Roaming\MiKTeX\2.9\tex\generic\pgf\modules\pgfmo
duleplot.code.tex"
File: pgfmoduleplot.code.tex 2010/10/22  (rcs-revision 1.8)
)
("C:\Users\Idit Keidar\AppData\Roaming\MiKTeX\2.9\tex\latex\pgf\compatibility\p
gfcomp-version-0-65.sty"
Package: pgfcomp-version-0-65 2007/07/03 v2.10 (rcs-revision 1.7)
\pgf@nodesepstart=\dimen165
\pgf@nodesepend=\dimen166
)
("C:\Users\Idit Keidar\AppData\Roaming\MiKTeX\2.9\tex\latex\pgf\compatibility\p
gfcomp-version-1-18.sty"
Package: pgfcomp-version-1-18 2007/07/23 v2.10 (rcs-revision 1.1)
))
("C:\Users\Idit Keidar\AppData\Roaming\MiKTeX\2.9\tex\latex\pgf\utilities\pgffo
r.sty"
("C:\Users\Idit Keidar\AppData\Roaming\MiKTeX\2.9\tex\latex\pgf\utilities\pgfke
ys.sty"
("C:\Users\Idit Keidar\AppData\Roaming\MiKTeX\2.9\tex\generic\pgf\utilities\pgf
keys.code.tex"))
("C:\Users\Idit Keidar\AppData\Roaming\MiKTeX\2.9\tex\generic\pgf\utilities\pgf
for.code.tex"
Package: pgffor 2010/03/23 v2.10 (rcs-revision 1.18)
\pgffor@iter=\dimen167
\pgffor@skip=\dimen168
\pgffor@stack=\toks46
\pgffor@toks=\toks47
))
("C:\Users\Idit Keidar\AppData\Roaming\MiKTeX\2.9\tex\generic\pgf\frontendlayer
\tikz\tikz.code.tex"
Package: tikz 2010/10/13 v2.10 (rcs-revision 1.76)

("C:\Users\Idit Keidar\AppData\Roaming\MiKTeX\2.9\tex\generic\pgf\libraries\pgf
libraryplothandlers.code.tex"
File: pgflibraryplothandlers.code.tex 2010/05/31 v2.10 (rcs-revision 1.15)
\pgf@plot@mark@count=\count140
\pgfplotmarksize=\dimen169
)
\tikz@lastx=\dimen170
\tikz@lasty=\dimen171
\tikz@lastxsaved=\dimen172
\tikz@lastysaved=\dimen173
\tikzleveldistance=\dimen174
\tikzsiblingdistance=\dimen175
\tikz@figbox=\box39
\tikz@tempbox=\box40
\tikztreelevel=\count141
\tikznumberofchildren=\count142
\tikznumberofcurrentchild=\count143
\tikz@fig@count=\count144

("C:\Users\Idit Keidar\AppData\Roaming\MiKTeX\2.9\tex\generic\pgf\modules\pgfmo
dulematrix.code.tex"
File: pgfmodulematrix.code.tex 2010/08/24  (rcs-revision 1.4)
\pgfmatrixcurrentrow=\count145
\pgfmatrixcurrentcolumn=\count146
\pgf@matrix@numberofcolumns=\count147
)
\tikz@expandcount=\count148

("C:\Users\Idit Keidar\AppData\Roaming\MiKTeX\2.9\tex\generic\pgf\frontendlayer
\tikz\libraries\tikzlibrarytopaths.code.tex"
File: tikzlibrarytopaths.code.tex 2008/06/17 v2.10 (rcs-revision 1.2)
)))
("C:\Users\Idit Keidar\AppData\Roaming\MiKTeX\2.9\tex\latex\pgfplots\pgfplots.s
ty"
("C:\Users\Idit Keidar\AppData\Roaming\MiKTeX\2.9\tex\generic\pgfplots\pgfplots
.revision.tex")
Package: pgfplots 2013/10/03 v1.9 Data Visualization (1.9)

("C:\Users\Idit Keidar\AppData\Roaming\MiKTeX\2.9\tex\generic\pgfplots\pgfplots
.code.tex"
("C:\Users\Idit Keidar\AppData\Roaming\MiKTeX\2.9\tex\generic\pgfplots\pgfplots
core.code.tex"
\t@pgfplots@toka=\toks48
\t@pgfplots@tokb=\toks49
\t@pgfplots@tokc=\toks50
\pgfplots@tmpa=\dimen176
\c@pgfplots@coordindex=\count149
\c@pgfplots@scanlineindex=\count150

("C:\Users\Idit Keidar\AppData\Roaming\MiKTeX\2.9\tex\generic\pgfplots\sys\pgfp
lotssysgeneric.code.tex"))
("C:\Users\Idit Keidar\AppData\Roaming\MiKTeX\2.9\tex\generic\pgfplots\libs\pgf
plotslibrary.code.tex")
("C:\Users\Idit Keidar\AppData\Roaming\MiKTeX\2.9\tex\generic\pgfplots\oldpgfco
mpatib\pgfplotsoldpgfsupp_loader.code.tex"
Package pgfplots: loading complementary code for your PGF version...

("C:\Users\Idit Keidar\AppData\Roaming\MiKTeX\2.9\tex\generic\pgfplots\oldpgfco
mpatib\pgfplotsoldpgfsupp_misc.code.tex")
("C:\Users\Idit Keidar\AppData\Roaming\MiKTeX\2.9\tex\generic\pgfplots\oldpgfco
mpatib\pgfplotsoldpgfsupp_pgfkeys.code.tex"
\pgfkeys@pathtoks=\toks51
\pgfkeys@temptoks=\toks52

("C:\Users\Idit Keidar\AppData\Roaming\MiKTeX\2.9\tex\generic\pgfplots\oldpgfco
mpatib\pgfplotsoldpgfsupp_pgfkeysfiltered.code.tex"
\pgfkeys@tmptoks=\toks53
))
("C:\Users\Idit Keidar\AppData\Roaming\MiKTeX\2.9\tex\generic\pgfplots\oldpgfco
mpatib\pgfplotsoldpgfsupp_pgfmathfloat.code.tex"
\c@pgfmathroundto@lastzeros=\count151
)
("C:\Users\Idit Keidar\AppData\Roaming\MiKTeX\2.9\tex\generic\pgfplots\oldpgfco
mpatib\pgfplotsoldpgfsupp_pgflibraryplothandlers.code.tex"
File: pgflibraryplothandlers.code.tex 2012/09/11 v2.10 (rcs-revision 1.17)
\pgf@plot@mark@count=\count152
\pgfplotmarksize=\dimen177
)
("C:\Users\Idit Keidar\AppData\Roaming\MiKTeX\2.9\tex\generic\pgfplots\oldpgfco
mpatib\pgfplotsoldpgfsupp_pgflibraryfpu.code.tex")
("C:\Users\Idit Keidar\AppData\Roaming\MiKTeX\2.9\tex\generic\pgfplots\oldpgfco
mpatib\pgfplotsoldpgfsupp_pgfcorescopes.code.tex"
File: pgfcorescopes.code.tex 2012/11/30  (rcs-revision 1.38)
\pgfpic=\box41
\pgf@hbox=\box42
\pgf@layerbox@main=\box43
\pgf@picture@serial@count=\count153
)
("C:\Users\Idit Keidar\AppData\Roaming\MiKTeX\2.9\tex\generic\pgfplots\oldpgfco
mpatib\pgfplotsoldpgfsupp_pgfcorelayers.code.tex"
File: pgfcorelayers.code.tex 2012/11/07  (rcs-revision 1.5)
))
("C:\Users\Idit Keidar\AppData\Roaming\MiKTeX\2.9\tex\generic\pgfplots\util\pgf
plotsutil.code.tex"
("C:\Users\Idit Keidar\AppData\Roaming\MiKTeX\2.9\tex\generic\pgfplots\liststru
cture\pgfplotsliststructure.code.tex")
("C:\Users\Idit Keidar\AppData\Roaming\MiKTeX\2.9\tex\generic\pgfplots\liststru
cture\pgfplotsliststructureext.code.tex")
("C:\Users\Idit Keidar\AppData\Roaming\MiKTeX\2.9\tex\generic\pgfplots\liststru
cture\pgfplotsarray.code.tex"
\c@pgfplotsarray@tmp=\count154
)
("C:\Users\Idit Keidar\AppData\Roaming\MiKTeX\2.9\tex\generic\pgfplots\liststru
cture\pgfplotsmatrix.code.tex")
("C:\Users\Idit Keidar\AppData\Roaming\MiKTeX\2.9\tex\generic\pgfplots\numtable
\pgfplotstableshared.code.tex"
\c@pgfplotstable@counta=\count155
\t@pgfplotstable@a=\toks54
)
("C:\Users\Idit Keidar\AppData\Roaming\MiKTeX\2.9\tex\generic\pgfplots\liststru
cture\pgfplotsdeque.code.tex")
("C:\Users\Idit Keidar\AppData\Roaming\MiKTeX\2.9\tex\generic\pgfplots\util\pgf
plotsbinary.code.tex"
("C:\Users\Idit Keidar\AppData\Roaming\MiKTeX\2.9\tex\generic\pgfplots\util\pgf
plotsbinary.data.code.tex"))
("C:\Users\Idit Keidar\AppData\Roaming\MiKTeX\2.9\tex\generic\pgfplots\util\pgf
plotsutil.verb.code.tex")
("C:\Users\Idit Keidar\AppData\Roaming\MiKTeX\2.9\tex\generic\pgfplots\libs\pgf
librarypgfplots.surfshading.code.tex"
\c@pgfplotslibrarysurf@no=\count156

("C:\Users\Idit Keidar\AppData\Roaming\MiKTeX\2.9\tex\generic\pgfplots\sys\pgfl
ibrarypgfplots.surfshading.pgfsys-pdftex.def")))
("C:\Users\Idit Keidar\AppData\Roaming\MiKTeX\2.9\tex\generic\pgfplots\util\pgf
plotscolormap.code.tex"
("C:\Users\Idit Keidar\AppData\Roaming\MiKTeX\2.9\tex\generic\pgfplots\util\pgf
plotscolor.code.tex"))
("C:\Users\Idit Keidar\AppData\Roaming\MiKTeX\2.9\tex\generic\pgfplots\pgfplots
stackedplots.code.tex")
("C:\Users\Idit Keidar\AppData\Roaming\MiKTeX\2.9\tex\generic\pgfplots\pgfplots
plothandlers.code.tex"
("C:\Users\Idit Keidar\AppData\Roaming\MiKTeX\2.9\tex\generic\pgfplots\pgfplots
meshplothandler.code.tex"))
("C:\Users\Idit Keidar\AppData\Roaming\MiKTeX\2.9\tex\generic\pgfplots\pgfplots
.scaling.code.tex")
("C:\Users\Idit Keidar\AppData\Roaming\MiKTeX\2.9\tex\generic\pgfplots\pgfplots
coordprocessing.code.tex")
("C:\Users\Idit Keidar\AppData\Roaming\MiKTeX\2.9\tex\generic\pgfplots\pgfplots
.errorbars.code.tex")
("C:\Users\Idit Keidar\AppData\Roaming\MiKTeX\2.9\tex\generic\pgfplots\pgfplots
.markers.code.tex")
("C:\Users\Idit Keidar\AppData\Roaming\MiKTeX\2.9\tex\generic\pgfplots\pgfplots
ticks.code.tex")
("C:\Users\Idit Keidar\AppData\Roaming\MiKTeX\2.9\tex\generic\pgfplots\pgfplots
.paths.code.tex")
("C:\Users\Idit Keidar\AppData\Roaming\MiKTeX\2.9\tex\generic\pgf\frontendlayer
\tikz\libraries\tikzlibrarydecorations.code.tex"
("C:\Users\Idit Keidar\AppData\Roaming\MiKTeX\2.9\tex\generic\pgf\modules\pgfmo
duledecorations.code.tex"
\pgfdecoratedcompleteddistance=\dimen178
\pgfdecoratedremainingdistance=\dimen179
\pgfdecoratedinputsegmentcompleteddistance=\dimen180
\pgfdecoratedinputsegmentremainingdistance=\dimen181
\pgf@decorate@distancetomove=\dimen182
\pgf@decorate@repeatstate=\count157
\pgfdecorationsegmentamplitude=\dimen183
\pgfdecorationsegmentlength=\dimen184
)
\tikz@lib@dec@box=\box44
)
("C:\Users\Idit Keidar\AppData\Roaming\MiKTeX\2.9\tex\generic\pgf\frontendlayer
\tikz\libraries\tikzlibrarydecorations.pathmorphing.code.tex"
("C:\Users\Idit Keidar\AppData\Roaming\MiKTeX\2.9\tex\generic\pgf\libraries\dec
orations\pgflibrarydecorations.pathmorphing.code.tex"))
("C:\Users\Idit Keidar\AppData\Roaming\MiKTeX\2.9\tex\generic\pgf\frontendlayer
\tikz\libraries\tikzlibrarydecorations.pathreplacing.code.tex"
("C:\Users\Idit Keidar\AppData\Roaming\MiKTeX\2.9\tex\generic\pgf\libraries\dec
orations\pgflibrarydecorations.pathreplacing.code.tex"))
\pgfplots@numplots=\count158
\pgfplots@xmin@reg=\dimen185
\pgfplots@xmax@reg=\dimen186
\pgfplots@ymin@reg=\dimen187
\pgfplots@ymax@reg=\dimen188
\pgfplots@zmin@reg=\dimen189
\pgfplots@zmax@reg=\dimen190
)
("C:\Users\Idit Keidar\AppData\Roaming\MiKTeX\2.9\tex\generic\pgf\frontendlayer
\tikz\libraries\tikzlibraryplotmarks.code.tex"
File: tikzlibraryplotmarks.code.tex 2008/01/09 v2.10 (rcs-revision 1.1)

("C:\Users\Idit Keidar\AppData\Roaming\MiKTeX\2.9\tex\generic\pgf\libraries\pgf
libraryplotmarks.code.tex"
File: pgflibraryplotmarks.code.tex 2010/10/15 v2.10 (rcs-revision 1.12)
)))
("C:\Users\Idit Keidar\Desktop\AutomaticOptimisticSynchronization\Tex\src-SPAA\
plotsStyle.tex")
("C:\Users\Idit Keidar\Desktop\AutomaticOptimisticSynchronization\Tex\src-SPAA\
macros.tex"
\c@theorem=\count159
)
("C:\Users\Idit Keidar\Desktop\AutomaticOptimisticSynchronization\Tex\src-SPAA\
document.aux"

LaTeX Warning: Label `code:begin' multiply defined.


LaTeX Warning: Label `sub@code:begin' multiply defined.


LaTeX Warning: Label `unbalancedLegened' multiply defined.


LaTeX Warning: Label `unbalancedLegened' multiply defined.


LaTeX Warning: Label `balancedLegened' multiply defined.


LaTeX Warning: Label `balancedLegened' multiply defined.


LaTeX Warning: Label `skiplistLegened' multiply defined.


LaTeX Warning: Label `sub@skiplistLegened' multiply defined.


LaTeX Warning: Label `skiplistLegened' multiply defined.


LaTeX Warning: Label `sub@skiplistLegened' multiply defined.

)
LaTeX Font Info:    Checking defaults for OML/cmm/m/it on input line 36.
LaTeX Font Info:    ... okay on input line 36.
LaTeX Font Info:    Checking defaults for T1/cmr/m/n on input line 36.
LaTeX Font Info:    ... okay on input line 36.
LaTeX Font Info:    Checking defaults for OT1/cmr/m/n on input line 36.
LaTeX Font Info:    ... okay on input line 36.
LaTeX Font Info:    Checking defaults for OMS/cmsy/m/n on input line 36.
LaTeX Font Info:    ... okay on input line 36.
LaTeX Font Info:    Checking defaults for OMX/cmex/m/n on input line 36.
LaTeX Font Info:    ... okay on input line 36.
LaTeX Font Info:    Checking defaults for U/cmr/m/n on input line 36.
LaTeX Font Info:    ... okay on input line 36.
LaTeX Font Info:    Checking defaults for PD1/pdf/m/n on input line 36.
LaTeX Font Info:    ... okay on input line 36.

("C:\Users\Idit Keidar\AppData\Roaming\MiKTeX\2.9\tex\context\base\supp-pdf.mki
i"
[Loading MPS to PDF converter (version 2006.09.02).]
\scratchcounter=\count160
\scratchdimen=\dimen191
\scratchbox=\box45
\nofMPsegments=\count161
\nofMParguments=\count162
\everyMPshowfont=\toks55
\MPscratchCnt=\count163
\MPscratchDim=\dimen192
\MPnumerator=\count164
\makeMPintoPDFobject=\count165
\everyMPtoPDFconversion=\toks56
)
\AtBeginShipoutBox=\box46


Package hyperref Warning: Height of page (\paperheight) is invalid (0.0pt),
(hyperref)                using 11in.

Package hyperref Info: Link coloring ON on input line 36.
("C:\Program Files (x86)\MiKTeX 2.9\tex\latex\hyperref\nameref.sty"
Package: nameref 2010/04/30 v2.40 Cross-referencing by name of section

("C:\Program Files (x86)\MiKTeX 2.9\tex\generic\oberdiek\gettitlestring.sty"
Package: gettitlestring 2010/12/03 v1.4 Cleanup title references (HO)
)
\c@section@level=\count166
)
LaTeX Info: Redefining \ref on input line 36.
LaTeX Info: Redefining \pageref on input line 36.
LaTeX Info: Redefining \nameref on input line 36.

("C:\Users\Idit Keidar\Desktop\AutomaticOptimisticSynchronization\Tex\src-SPAA\
document.out")
("C:\Users\Idit Keidar\Desktop\AutomaticOptimisticSynchronization\Tex\src-SPAA\
document.out")
\@outlinefile=\write4
Package caption Info: Begin \AtBeginDocument code.
Package caption Info: End \AtBeginDocument code.
 ABD: EveryShipout initializing macros

Package pgfplots Warning: running in backwards compatibility mode (unsuitable t
ick labels; missing features). Consider writing \pgfplotsset{compat=1.9} into y
our preamble.
 on input line 36.

LaTeX Font Info:    Try loading font information for U+msa on input line 62.
("C:\Program Files (x86)\MiKTeX 2.9\tex\latex\amsfonts\umsa.fd"
File: umsa.fd 2009/06/22 v3.00 AMS symbols A
)
LaTeX Font Info:    Try loading font information for U+msb on input line 62.

("C:\Program Files (x86)\MiKTeX 2.9\tex\latex\amsfonts\umsb.fd"
File: umsb.fd 2009/06/22 v3.00 AMS symbols B
)
LaTeX Font Info:    Try loading font information for U+lasy on input line 62.

("C:\Program Files (x86)\MiKTeX 2.9\tex\latex\base\ulasy.fd"
File: ulasy.fd 1998/08/17 v2.2e LaTeX symbol font definitions
)
("C:\Users\Idit Keidar\Desktop\AutomaticOptimisticSynchronization\Tex\src-SPAA\
introduction.tex"
Overfull \hbox (9.14926pt too wide) in paragraph at lines 17--28
\T1/aer/m/n/9 struc-ture (for ex-am-ple, a bi-nary search tree [[][]11[][]] or 
a queue [[][]38[][]])
 []


Overfull \hbox (3.94936pt too wide) in paragraph at lines 43--52
\T1/aer/m/n/9 soft-ware trans-ac-tional mem-ory [[][]27[][]]). The partially-op
timistic
 []

[1{C:/Users/Idit Keidar/AppData/Local/MiKTeX/2.9/pdftex/config/pdftex.map}


]
Overfull \hbox (1.00644pt too wide) in paragraph at lines 123--134
\T1/aer/m/n/9 with is dom-i-na-tion lock-ing [[][]24[][]]. Soft-ware trans-ac-t
ional mem-
 []

)
("C:\Users\Idit Keidar\Desktop\AutomaticOptimisticSynchronization\Tex\src-SPAA\
algorithmB.tex"
Underfull \vbox (badness 1558) has occurred while \output is active []

 [2]
LaTeX Font Info:    Try loading font information for T1+pcr on input line 114.

("C:\Program Files (x86)\MiKTeX 2.9\tex\latex\psnfss\t1pcr.fd"
File: t1pcr.fd 2001/06/04 font definitions for T1/pcr.
)
LaTeX Font Info:    Font shape `T1/pcr/m/it' in size <9> not available
(Font)              Font shape `T1/pcr/m/sl' tried instead on input line 115.

Underfull \hbox (badness 10000) in paragraph at lines 115--116
[]\T1/pcr/m/sc/9 Function \T1/pcr/m/sl/9 addThird\T1/pcr/m/n/9 (List list, Node
 new)
 []

LaTeX Font Info:    Font shape `T1/pcr/bx/n' in size <9> not available
(Font)              Font shape `T1/pcr/b/n' tried instead on input line 119.

Underfull \hbox (badness 10000) in paragraph at lines 156--157
[]\T1/pcr/m/sc/9 Function \T1/pcr/m/sl/9 addThird\T1/pcr/m/n/9 (List list, Node
 new)
 []


Overfull \hbox (19.96219pt too wide) in paragraph at lines 253--266
 [] 
 []

[3]
Underfull \vbox (badness 6625) has occurred while \output is active []


Underfull \hbox (badness 10000) in paragraph at lines 337--338
[] \T1/pcr/m/n/9 if obj.isLockedByAnotherThread()
 []

[4])
("C:\Users\Idit Keidar\Desktop\AutomaticOptimisticSynchronization\Tex\src-SPAA\
proof2.tex")
("C:\Users\Idit Keidar\Desktop\AutomaticOptimisticSynchronization\Tex\src-SPAA\
evaluation2.tex" [5]
("C:\Users\Idit Keidar\Desktop\AutomaticOptimisticSynchronization\Tex\src-SPAA\
plots/unbalanced2.tex"
PGFPlots: reading {results/0C2000K.txt}
PGFPlots: reading {results/0C2000K.txt}
PGFPlots: reading {results/0C2000K.txt}
PGFPlots: reading {results/50C2000K.txt}
PGFPlots: reading {results/50C2000K.txt}
PGFPlots: reading {results/50C2000K.txt}
PGFPlots: reading {results/100C2000K.txt}
PGFPlots: reading {results/100C2000K.txt}
PGFPlots: reading {results/100C2000K.txt}
)
("C:\Users\Idit Keidar\Desktop\AutomaticOptimisticSynchronization\Tex\src-SPAA\
plots/balanced2.tex"
PGFPlots: reading {results/0C2000K.txt}
PGFPlots: reading {results/0C2000K.txt}
PGFPlots: reading {results/0C2000K.txt}
PGFPlots: reading {results/0C2000K.txt}
PGFPlots: reading {results/0C2000K.txt}
PGFPlots: reading {results/50C2000K.txt}
PGFPlots: reading {results/50C2000K.txt}
PGFPlots: reading {results/50C2000K.txt}
PGFPlots: reading {results/50C2000K.txt}
PGFPlots: reading {results/50C2000K.txt}
PGFPlots: reading {results/100C2000K.txt}
PGFPlots: reading {results/100C2000K.txt}
PGFPlots: reading {results/100C2000K.txt}
PGFPlots: reading {results/100C2000K.txt}
PGFPlots: reading {results/100C2000K.txt}
) [6] [7]
("C:\Users\Idit Keidar\Desktop\AutomaticOptimisticSynchronization\Tex\src-SPAA\
plots/range1000.tex"
PGFPlots: reading {results/range1000.txt}
PGFPlots: reading {results/range1000.txt}
PGFPlots: reading {results/range1000.txt}
PGFPlots: reading {results/range1000.txt}
)
("C:\Users\Idit Keidar\Desktop\AutomaticOptimisticSynchronization\Tex\src-SPAA\
plots/update1000.tex"
PGFPlots: reading {results/update1000.txt}
PGFPlots: reading {results/update1000.txt}
PGFPlots: reading {results/update1000.txt}
PGFPlots: reading {results/update1000.txt}
)
("C:\Users\Idit Keidar\Desktop\AutomaticOptimisticSynchronization\Tex\src-SPAA\
plots/range.tex"
PGFPlots: reading {results/range.txt}
PGFPlots: reading {results/range.txt}
PGFPlots: reading {results/range.txt}
PGFPlots: reading {results/range.txt}
)
("C:\Users\Idit Keidar\Desktop\AutomaticOptimisticSynchronization\Tex\src-SPAA\
plots/update.tex"
PGFPlots: reading {results/update.txt}
PGFPlots: reading {results/update.txt}
PGFPlots: reading {results/update.txt}
PGFPlots: reading {results/update.txt}
)
Underfull \vbox (badness 10000) has occurred while \output is active []

)
("C:\Users\Idit Keidar\Desktop\AutomaticOptimisticSynchronization\Tex\src-SPAA\
related.tex" [8] [9])
("C:\Users\Idit Keidar\Desktop\AutomaticOptimisticSynchronization\Tex\src-SPAA\
discussion.tex")
("C:\Users\Idit Keidar\Desktop\AutomaticOptimisticSynchronization\Tex\src-SPAA\
document.bbl"
Overfull \hbox (37.72835pt too wide) in paragraph at lines 99--104
\T1/pcr/m/n/9 \a-[]brief-[]retrospective-[]on-[]transactional-[]memory/$[][]\T1
/aer/m/n/9 .  
 []

[10]
Underfull \vbox (badness 10000) has occurred while \output is active []

)
("C:\Users\Idit Keidar\Desktop\AutomaticOptimisticSynchronization\Tex\src-SPAA\
proof-appendix.tex"
Overfull \hbox (2.57986pt too wide) in paragraph at lines 10--15
[]\T1/aer/m/n/9 We con-sider an asyn-chronous shared mem-ory model, where
 []

[11]
Underfull \vbox (badness 10000) has occurred while \output is active []


Overfull \hbox (16.94507pt too wide) in paragraph at lines 127--133
[]\T1/aer/m/n/9 Our main lemma con-structs the ex-e-cu-tion of a fully-pessimis
tic
 []


Overfull \hbox (2.31075pt too wide) in paragraph at lines 134--135
[]\T1/aer/m/it/9 There is an ex-e-cu-tion of lock-based al-go-rithm
 []


Overfull \hbox (15.7682pt too wide) in paragraph at lines 147--151
\T1/aer/m/n/9 lock-ing al-go-rithm, while the rest of the op-er-a-tions $[][] \
OT1/cmr/m/n/9 =
 []


Overfull \hbox (13.13136pt too wide) in paragraph at lines 147--151
[] \OMS/cmsy/m/n/9 n f\OML/cmm/m/it/9 op[]; [] ; op[]\OMS/cmsy/m/n/9 g$ \T1/aer
/m/n/9 pro-ceed ac-cord-ing to our semi-optimistic
 []

[12])
Package atveryend Info: Empty hook `BeforeClearDocument' on input line 114.
 [13

]
Package atveryend Info: Empty hook `AfterLastShipout' on input line 114.

("C:\Users\Idit Keidar\Desktop\AutomaticOptimisticSynchronization\Tex\src-SPAA\
document.aux")
Package atveryend Info: Empty hook `AtVeryEndDocument' on input line 114.
Package atveryend Info: Executing hook `AtEndAfterFileList' on input line 114.
Package rerunfilecheck Info: File `document.out' has not changed.
(rerunfilecheck)             Checksum: ADDE0A56544CC5B611489E1985FE423B;1153.


LaTeX Warning: There were multiply-defined labels.

 ) 
Here is how much of TeX's memory you used:
 24390 strings out of 494045
 546166 string characters out of 3145951
 740654 words of memory out of 3000000
 27009 multiletter control sequences out of 15000+200000
 70975 words of font info for 105 fonts, out of 3000000 for 9000
 715 hyphenation exceptions out of 8191
 56i,17n,87p,6288b,1992s stack positions out of 5000i,500n,10000p,200000b,50000s
{C:/Program Files (x86)/MiKTeX 2.9/fonts/enc/dvips/fontname/8r.enc}<C:/Progra
m Files (x86)/MiKTeX 2.9/fonts/type1/public/amsfonts/cm/cmbx9.pfb><C:/Program F
iles (x86)/MiKTeX 2.9/fonts/type1/public/amsfonts/cm/cmcsc10.pfb><C:/Program Fi
les (x86)/MiKTeX 2.9/fonts/type1/public/amsfonts/cm/cmmi6.pfb><C:/Program Files
 (x86)/MiKTeX 2.9/fonts/type1/public/amsfonts/cm/cmmi9.pfb><C:/Program Files (x
86)/MiKTeX 2.9/fonts/type1/public/amsfonts/cm/cmr12.pfb><C:/Program Files (x86)
/MiKTeX 2.9/fonts/type1/public/amsfonts/cm/cmr5.pfb><C:/Program Files (x86)/MiK
TeX 2.9/fonts/type1/public/amsfonts/cm/cmr6.pfb><C:/Program Files (x86)/MiKTeX 
2.9/fonts/type1/public/amsfonts/cm/cmr8.pfb><C:/Program Files (x86)/MiKTeX 2.9/
fonts/type1/public/amsfonts/cm/cmr9.pfb><C:/Program Files (x86)/MiKTeX 2.9/font
s/type1/public/amsfonts/cm/cmsy5.pfb><C:/Program Files (x86)/MiKTeX 2.9/fonts/t
ype1/public/amsfonts/cm/cmsy6.pfb><C:/Program Files (x86)/MiKTeX 2.9/fonts/type
1/public/amsfonts/cm/cmsy8.pfb><C:/Program Files (x86)/MiKTeX 2.9/fonts/type1/p
ublic/amsfonts/cm/cmsy9.pfb><C:/Program Files (x86)/MiKTeX 2.9/fonts/type1/publ
ic/amsfonts/cm/cmti9.pfb><C:/Program Files (x86)/MiKTeX 2.9/fonts/type1/urw/cou
rier/ucrb8a.pfb><C:/Program Files (x86)/MiKTeX 2.9/fonts/type1/urw/courier/ucrr
8a.pfb><C:/Program Files (x86)/MiKTeX 2.9/fonts/type1/urw/courier/ucrro8a.pfb><
C:/Program Files (x86)/MiKTeX 2.9/fonts/type1/urw/helvetic/uhvb8a.pfb><C:/Progr
am Files (x86)/MiKTeX 2.9/fonts/type1/urw/helvetic/uhvr8a.pfb><C:/Program Files
 (x86)/MiKTeX 2.9/fonts/type1/urw/times/utmb8a.pfb><C:/Program Files (x86)/MiKT
eX 2.9/fonts/type1/urw/times/utmri8a.pfb>
Output written on document.pdf (13 pages, 394821 bytes).
PDF statistics:
 537 PDF objects out of 1000 (max. 8388607)
 131 named destinations out of 1000 (max. 500000)
 157 words of extra memory for PDF output out of 10000 (max. 10000000)

