This is pdfTeX, Version 3.1415926-2.5-1.40.14 (MiKTeX 2.9) (preloaded format=pdflatex 2015.2.23)  2 AUG 2015 10:02
entering extended mode
**document.tex

(C:\Users\mayaarl\Documents\GitHub\AutomaticOptimisticSynchronization\Tex\src-D
ISC-camera-ready\document.tex
LaTeX2e <2011/06/27>
Babel <v3.8m> and hyphenation patterns for english, afrikaans, ancientgreek, ar
abic, armenian, assamese, basque, bengali, bokmal, bulgarian, catalan, coptic, 
croatian, czech, danish, dutch, esperanto, estonian, farsi, finnish, french, ga
lician, german, german-x-2013-05-26, greek, gujarati, hindi, hungarian, iceland
ic, indonesian, interlingua, irish, italian, kannada, kurmanji, latin, latvian,
 lithuanian, malayalam, marathi, mongolian, mongolianlmc, monogreek, ngerman, n
german-x-2013-05-26, nynorsk, oriya, panjabi, pinyin, polish, portuguese, roman
ian, russian, sanskrit, serbian, slovak, slovenian, spanish, swedish, swissgerm
an, tamil, telugu, turkish, turkmen, ukenglish, ukrainian, uppersorbian, usengl
ishmax, welsh, loaded.

(C:\Users\mayaarl\Documents\GitHub\AutomaticOptimisticSynchronization\Tex\src-D
ISC-camera-ready\llncs.cls
Document Class: llncs 2014/03/31 v2.19 
 LaTeX document class for Lecture Notes in Computer Science
("C:\Program Files (x86)\MiKTeX 2.9\tex\latex\base\article.cls"
Document Class: article 2007/10/19 v1.4h Standard LaTeX document class
("C:\Program Files (x86)\MiKTeX 2.9\tex\latex\base\size10.clo"
File: size10.clo 2007/10/19 v1.4h Standard LaTeX file (size option)
)
\c@part=\count79
\c@section=\count80
\c@subsection=\count81
\c@subsubsection=\count82
\c@paragraph=\count83
\c@subparagraph=\count84
\c@figure=\count85
\c@table=\count86
\abovecaptionskip=\skip41
\belowcaptionskip=\skip42
\bibindent=\dimen102
)
("C:\Program Files (x86)\MiKTeX 2.9\tex\latex\tools\multicol.sty"
Package: multicol 2011/06/27 v1.7a multicolumn formatting (FMi)
\c@tracingmulticols=\count87
\mult@box=\box26
\multicol@leftmargin=\dimen103
\c@unbalance=\count88
\c@collectmore=\count89
\doublecol@number=\count90
\multicoltolerance=\count91
\multicolpretolerance=\count92
\full@width=\dimen104
\page@free=\dimen105
\premulticols=\dimen106
\postmulticols=\dimen107
\multicolsep=\skip43
\multicolbaselineskip=\skip44
\partial@page=\box27
\last@line=\box28
\mult@rightbox=\box29
\mult@grightbox=\box30
\mult@gfirstbox=\box31
\mult@firstbox=\box32
\@tempa=\box33
\@tempa=\box34
\@tempa=\box35
\@tempa=\box36
\@tempa=\box37
\@tempa=\box38
\@tempa=\box39
\@tempa=\box40
\@tempa=\box41
\@tempa=\box42
\@tempa=\box43
\@tempa=\box44
\@tempa=\box45
\@tempa=\box46
\@tempa=\box47
\@tempa=\box48
\@tempa=\box49
\c@columnbadness=\count93
\c@finalcolumnbadness=\count94
\last@try=\dimen108
\multicolovershoot=\dimen109
\multicolundershoot=\dimen110
\mult@nat@firstbox=\box50
\colbreak@box=\box51
\multicol@sort@counter=\count95
)
(C:\Users\mayaarl\Documents\GitHub\AutomaticOptimisticSynchronization\Tex\src-D
ISC-camera-ready\aliascnt.sty
Package: aliascnt 2009/09/08 v1.3 Alias counter (HO)

(C:\Users\mayaarl\Documents\GitHub\AutomaticOptimisticSynchronization\Tex\src-D
ISC-camera-ready\remreset.sty))
\c@chapter=\count96
LaTeX Font Info:    Redeclaring math symbol \Gamma on input line 362.
LaTeX Font Info:    Redeclaring math symbol \Delta on input line 363.
LaTeX Font Info:    Redeclaring math symbol \Theta on input line 364.
LaTeX Font Info:    Redeclaring math symbol \Lambda on input line 365.
LaTeX Font Info:    Redeclaring math symbol \Xi on input line 366.
LaTeX Font Info:    Redeclaring math symbol \Pi on input line 367.
LaTeX Font Info:    Redeclaring math symbol \Sigma on input line 368.
LaTeX Font Info:    Redeclaring math symbol \Upsilon on input line 369.
LaTeX Font Info:    Redeclaring math symbol \Phi on input line 370.
LaTeX Font Info:    Redeclaring math symbol \Psi on input line 371.
LaTeX Font Info:    Redeclaring math symbol \Omega on input line 372.
\tocchpnum=\dimen111
\tocsecnum=\dimen112
\tocsectotal=\dimen113
\tocsubsecnum=\dimen114
\tocsubsectotal=\dimen115
\tocsubsubsecnum=\dimen116
\tocsubsubsectotal=\dimen117
\tocparanum=\dimen118
\tocparatotal=\dimen119
\tocsubparanum=\dimen120
\fnindent=\dimen121
\c@@inst=\count97
\c@@auth=\count98
\c@auco=\count99
\instindent=\dimen122
\authrun=\box52
\authorrunning=\toks14
\tocauthor=\toks15
\titrun=\box53
\titlerunning=\toks16
\toctitle=\toks17
\c@theorem=\count100
\c@case=\count101
\c@conjecture=\count102
\c@corollary=\count103
\c@definition=\count104
\c@example=\count105
\c@exercise=\count106
\c@lemma=\count107
\c@note=\count108
\c@problem=\count109
\c@property=\count110
\c@proposition=\count111
\c@question=\count112
\c@solution=\count113
\c@remark=\count114
\headlineindent=\dimen123
)
(C:\Users\mayaarl\AppData\Roaming\MiKTeX\2.9\tex\latex\url\url.sty
\Urlmuskip=\muskip10
Package: url 2013/09/16  ver 3.4  Verb mode for urls, etc.
)
("C:\Program Files (x86)\MiKTeX 2.9\tex\latex\hyperref\hyperref.sty"
Package: hyperref 2012/11/06 v6.83m Hypertext links for LaTeX

("C:\Program Files (x86)\MiKTeX 2.9\tex\generic\oberdiek\hobsub-hyperref.sty"
Package: hobsub-hyperref 2012/04/25 v1.12 Bundle oberdiek, subset hyperref (HO)


("C:\Program Files (x86)\MiKTeX 2.9\tex\generic\oberdiek\hobsub-generic.sty"
Package: hobsub-generic 2012/04/25 v1.12 Bundle oberdiek, subset generic (HO)
Package: hobsub 2012/04/25 v1.12 Construct package bundles (HO)
Package: infwarerr 2010/04/08 v1.3 Providing info/warning/error messages (HO)
Package: ltxcmds 2011/11/09 v1.22 LaTeX kernel commands for general use (HO)
Package: ifluatex 2010/03/01 v1.3 Provides the ifluatex switch (HO)
Package ifluatex Info: LuaTeX not detected.
Package: ifvtex 2010/03/01 v1.5 Detect VTeX and its facilities (HO)
Package ifvtex Info: VTeX not detected.
Package: intcalc 2007/09/27 v1.1 Expandable calculations with integers (HO)
Package: ifpdf 2011/01/30 v2.3 Provides the ifpdf switch (HO)
Package ifpdf Info: pdfTeX in PDF mode is detected.
Package: etexcmds 2011/02/16 v1.5 Avoid name clashes with e-TeX commands (HO)
Package etexcmds Info: Could not find \expanded.
(etexcmds)             That can mean that you are not using pdfTeX 1.50 or
(etexcmds)             that some package has redefined \expanded.
(etexcmds)             In the latter case, load this package earlier.
Package: kvsetkeys 2012/04/25 v1.16 Key value parser (HO)
Package: kvdefinekeys 2011/04/07 v1.3 Define keys (HO)
Package: pdftexcmds 2011/11/29 v0.20 Utility functions of pdfTeX for LuaTeX (HO
)
Package pdftexcmds Info: LuaTeX not detected.
Package pdftexcmds Info: \pdf@primitive is available.
Package pdftexcmds Info: \pdf@ifprimitive is available.
Package pdftexcmds Info: \pdfdraftmode found.
Package: pdfescape 2011/11/25 v1.13 Implements pdfTeX's escape features (HO)
Package: bigintcalc 2012/04/08 v1.3 Expandable calculations on big integers (HO
)
Package: bitset 2011/01/30 v1.1 Handle bit-vector datatype (HO)
Package: uniquecounter 2011/01/30 v1.2 Provide unlimited unique counter (HO)
)
Package hobsub Info: Skipping package `hobsub' (already loaded).
Package: letltxmacro 2010/09/02 v1.4 Let assignment for LaTeX macros (HO)
Package: hopatch 2011/06/24 v1.1 Wrapper for package hooks (HO)
Package: xcolor-patch 2011/01/30 xcolor patch
Package: atveryend 2011/06/30 v1.8 Hooks at the very end of document (HO)
Package atveryend Info: \enddocument detected (standard20110627).
Package: atbegshi 2011/10/05 v1.16 At begin shipout hook (HO)
Package: refcount 2011/10/16 v3.4 Data extraction from label references (HO)
Package: hycolor 2011/01/30 v1.7 Color options for hyperref/bookmark (HO)
)
("C:\Program Files (x86)\MiKTeX 2.9\tex\latex\graphics\keyval.sty"
Package: keyval 1999/03/16 v1.13 key=value parser (DPC)
\KV@toks@=\toks18
)
("C:\Program Files (x86)\MiKTeX 2.9\tex\generic\ifxetex\ifxetex.sty"
Package: ifxetex 2010/09/12 v0.6 Provides ifxetex conditional
)
("C:\Program Files (x86)\MiKTeX 2.9\tex\latex\oberdiek\auxhook.sty"
Package: auxhook 2011/03/04 v1.3 Hooks for auxiliary files (HO)
)
("C:\Program Files (x86)\MiKTeX 2.9\tex\latex\oberdiek\kvoptions.sty"
Package: kvoptions 2011/06/30 v3.11 Key value format for package options (HO)
)
\@linkdim=\dimen124
\Hy@linkcounter=\count115
\Hy@pagecounter=\count116

("C:\Program Files (x86)\MiKTeX 2.9\tex\latex\hyperref\pd1enc.def"
File: pd1enc.def 2012/11/06 v6.83m Hyperref: PDFDocEncoding definition (HO)
)
\Hy@SavedSpaceFactor=\count117

("C:\Program Files (x86)\MiKTeX 2.9\tex\latex\00miktex\hyperref.cfg"
File: hyperref.cfg 2002/06/06 v1.2 hyperref configuration of TeXLive
)
Package hyperref Info: Option `colorlinks' set `true' on input line 4319.
Package hyperref Info: Option `breaklinks' set `true' on input line 4319.
Package hyperref Info: Option `draft' set `false' on input line 4319.
Package hyperref Info: Hyper figures OFF on input line 4443.
Package hyperref Info: Link nesting OFF on input line 4448.
Package hyperref Info: Hyper index ON on input line 4451.
Package hyperref Info: Plain pages OFF on input line 4458.
Package hyperref Info: Backreferencing OFF on input line 4463.
Package hyperref Info: Implicit mode ON; LaTeX internals redefined.
Package hyperref Info: Bookmarks ON on input line 4688.
\c@Hy@tempcnt=\count118
LaTeX Info: Redefining \url on input line 5041.
\XeTeXLinkMargin=\dimen125
\Fld@menulength=\count119
\Field@Width=\dimen126
\Fld@charsize=\dimen127
Package hyperref Info: Hyper figures OFF on input line 6295.
Package hyperref Info: Link nesting OFF on input line 6300.
Package hyperref Info: Hyper index ON on input line 6303.
Package hyperref Info: backreferencing OFF on input line 6310.
Package hyperref Info: Link coloring ON on input line 6313.
Package hyperref Info: Link coloring with OCG OFF on input line 6320.
Package hyperref Info: PDF/A mode OFF on input line 6325.
LaTeX Info: Redefining \ref on input line 6365.
LaTeX Info: Redefining \pageref on input line 6369.
\Hy@abspage=\count120
\c@Item=\count121
\c@Hfootnote=\count122
)

Package hyperref Message: Driver (autodetected): hpdftex.

("C:\Program Files (x86)\MiKTeX 2.9\tex\latex\hyperref\hpdftex.def"
File: hpdftex.def 2012/11/06 v6.83m Hyperref driver for pdfTeX
\Fld@listcount=\count123
\c@bookmark@seq@number=\count124

("C:\Program Files (x86)\MiKTeX 2.9\tex\latex\oberdiek\rerunfilecheck.sty"
Package: rerunfilecheck 2011/04/15 v1.7 Rerun checks for auxiliary files (HO)
Package uniquecounter Info: New unique counter `rerunfilecheck' on input line 2
82.
)
\Hy@SectionHShift=\skip45
)
("C:\Program Files (x86)\MiKTeX 2.9\tex\latex\amsmath\amsmath.sty"
Package: amsmath 2013/01/14 v2.14 AMS math features
\@mathmargin=\skip46

For additional information on amsmath, use the `?' option.
("C:\Program Files (x86)\MiKTeX 2.9\tex\latex\amsmath\amstext.sty"
Package: amstext 2000/06/29 v2.01

("C:\Program Files (x86)\MiKTeX 2.9\tex\latex\amsmath\amsgen.sty"
File: amsgen.sty 1999/11/30 v2.0
\@emptytoks=\toks19
\ex@=\dimen128
))
("C:\Program Files (x86)\MiKTeX 2.9\tex\latex\amsmath\amsbsy.sty"
Package: amsbsy 1999/11/29 v1.2d
\pmbraise@=\dimen129
)
("C:\Program Files (x86)\MiKTeX 2.9\tex\latex\amsmath\amsopn.sty"
Package: amsopn 1999/12/14 v2.01 operator names
)
\inf@bad=\count125
LaTeX Info: Redefining \frac on input line 210.
\uproot@=\count126
\leftroot@=\count127
LaTeX Info: Redefining \overline on input line 306.
\classnum@=\count128
\DOTSCASE@=\count129
LaTeX Info: Redefining \ldots on input line 378.
LaTeX Info: Redefining \dots on input line 381.
LaTeX Info: Redefining \cdots on input line 466.
\Mathstrutbox@=\box54
\strutbox@=\box55
\big@size=\dimen130
LaTeX Font Info:    Redeclaring font encoding OML on input line 566.
LaTeX Font Info:    Redeclaring font encoding OMS on input line 567.


Package amsmath Warning: Unable to redefine math accent \vec.

\macc@depth=\count130
\c@MaxMatrixCols=\count131
\dotsspace@=\muskip11
\c@parentequation=\count132
\dspbrk@lvl=\count133
\tag@help=\toks20
\row@=\count134
\column@=\count135
\maxfields@=\count136
\andhelp@=\toks21
\eqnshift@=\dimen131
\alignsep@=\dimen132
\tagshift@=\dimen133
\tagwidth@=\dimen134
\totwidth@=\dimen135
\lineht@=\dimen136
\@envbody=\toks22
\multlinegap=\skip47
\multlinetaggap=\skip48
\mathdisplay@stack=\toks23
LaTeX Info: Redefining \[ on input line 2665.
LaTeX Info: Redefining \] on input line 2666.
) ("C:\Program Files (x86)\MiKTeX 2.9\tex\latex\tools\xspace.sty"
Package: xspace 2009/10/20 v1.13 Space after command names (DPC,MH)
)
(C:\Users\mayaarl\AppData\Roaming\MiKTeX\2.9\tex\latex\algorithms\algorithm.sty
Package: algorithm 2009/08/24 v0.1 Document Style `algorithm' - floating enviro
nment
("C:\Program Files (x86)\MiKTeX 2.9\tex\latex\float\float.sty"
Package: float 2001/11/08 v1.3d Float enhancements (AL)
\c@float@type=\count137
\float@exts=\toks24
\float@box=\box56
\@float@everytoks=\toks25
\@floatcapt=\box57
)
("C:\Program Files (x86)\MiKTeX 2.9\tex\latex\base\ifthen.sty"
Package: ifthen 2001/05/26 v1.1c Standard LaTeX ifthen package (DPC)
)
\@float@every@algorithm=\toks26
\c@algorithm=\count138
)
(C:\Users\mayaarl\AppData\Roaming\MiKTeX\2.9\tex\latex\algorithmicx\algpseudoco
de.sty
Package: algpseudocode 

(C:\Users\mayaarl\AppData\Roaming\MiKTeX\2.9\tex\latex\algorithmicx\algorithmic
x.sty
Package: algorithmicx 2005/04/27 v1.2 Algorithmicx

Document Style algorithmicx 1.2 - a greatly improved `algorithmic' style
\c@ALG@line=\count139
\c@ALG@rem=\count140
\c@ALG@nested=\count141
\ALG@tlm=\skip49
\ALG@thistlm=\skip50
\c@ALG@Lnr=\count142
\c@ALG@blocknr=\count143
\c@ALG@storecount=\count144
\c@ALG@tmpcounter=\count145
\ALG@tmplength=\skip51
)
Document Style - pseudocode environments for use with the `algorithmicx' style
) (C:\Users\mayaarl\AppData\Roaming\MiKTeX\2.9\tex\latex\caption\subcaption.sty
Package: subcaption 2013/02/03 v1.1-62 Sub-captions (AR)
(C:\Users\mayaarl\AppData\Roaming\MiKTeX\2.9\tex\latex\caption\caption.sty
Package: caption 2013/05/02 v3.3-89 Customizing captions (AR)

(C:\Users\mayaarl\AppData\Roaming\MiKTeX\2.9\tex\latex\caption\caption3.sty
Package: caption3 2013/05/02 v1.6-88 caption3 kernel (AR)
Package caption3 Info: TeX engine: e-TeX on input line 57.
\captionmargin=\dimen137
\captionmargin@=\dimen138
\captionwidth=\dimen139
\caption@tempdima=\dimen140
\caption@indent=\dimen141
\caption@parindent=\dimen142
\caption@hangindent=\dimen143
Package caption Info: Unknown document class (or package),
(caption)             standard defaults will be used.
)

Package caption Warning: Unsupported document class (or package) detected,
(caption)                usage of the caption package is not recommended.
See the caption package documentation for explanation.

Package caption Info: \@makecaption = \long macro:#1#2->\small \vskip \abovecap
tionskip \sbox \@tempboxa {{\bfseries #1.} #2}\ifdim \wd \@tempboxa >\hsize {\b
fseries #1.} #2\par \else \global \@minipagefalse \hb@xt@ \hsize {\hfil \box \@
tempboxa \hfil }\fi \vskip \belowcaptionskip .
\c@ContinuedFloat=\count146
Package caption Info: float package is loaded.
Package caption Info: hyperref package is loaded.
)
\c@subfigure=\count147
\c@subtable=\count148
) (C:\Users\mayaarl\AppData\Roaming\MiKTeX\2.9\tex\latex\xcolor\xcolor.sty
Package: xcolor 2007/01/21 v2.11 LaTeX color extensions (UK)

("C:\Program Files (x86)\MiKTeX 2.9\tex\latex\00miktex\color.cfg"
File: color.cfg 2007/01/18 v1.5 color configuration of teTeX/TeXLive
)
Package xcolor Info: Driver file: pdftex.def on input line 225.

("C:\Program Files (x86)\MiKTeX 2.9\tex\latex\pdftex-def\pdftex.def"
File: pdftex.def 2011/05/27 v0.06d Graphics/color for pdfTeX
\Gread@gobject=\count149
)
Package xcolor Info: Model `cmy' substituted by `cmy0' on input line 1337.
Package xcolor Info: Model `hsb' substituted by `rgb' on input line 1341.
Package xcolor Info: Model `RGB' extended on input line 1353.
Package xcolor Info: Model `HTML' substituted by `rgb' on input line 1355.
Package xcolor Info: Model `Hsb' substituted by `hsb' on input line 1356.
Package xcolor Info: Model `tHsb' substituted by `hsb' on input line 1357.
Package xcolor Info: Model `HSB' substituted by `hsb' on input line 1358.
Package xcolor Info: Model `Gray' substituted by `gray' on input line 1359.
Package xcolor Info: Model `wave' substituted by `hsb' on input line 1360.
)
(C:\Users\mayaarl\AppData\Roaming\MiKTeX\2.9\tex\latex\pgf\frontendlayer\tikz.s
ty
(C:\Users\mayaarl\AppData\Roaming\MiKTeX\2.9\tex\latex\pgf\basiclayer\pgf.sty
(C:\Users\mayaarl\AppData\Roaming\MiKTeX\2.9\tex\latex\pgf\utilities\pgfrcs.sty

(C:\Users\mayaarl\AppData\Roaming\MiKTeX\2.9\tex\generic\pgf\utilities\pgfutil-
common.tex
\pgfutil@everybye=\toks27
\pgfutil@tempdima=\dimen144
\pgfutil@tempdimb=\dimen145

(C:\Users\mayaarl\AppData\Roaming\MiKTeX\2.9\tex\generic\pgf\utilities\pgfutil-
common-lists.tex))
(C:\Users\mayaarl\AppData\Roaming\MiKTeX\2.9\tex\generic\pgf\utilities\pgfutil-
latex.def
\pgfutil@abb=\box58

(C:\Users\mayaarl\AppData\Roaming\MiKTeX\2.9\tex\latex\ms\everyshi.sty
Package: everyshi 2001/05/15 v3.00 EveryShipout Package (MS)
))
(C:\Users\mayaarl\AppData\Roaming\MiKTeX\2.9\tex\generic\pgf\utilities\pgfrcs.c
ode.tex
Package: pgfrcs 2013/12/20 v3.0.0 (rcs-revision 1.28)
))
Package: pgf 2013/12/18 v3.0.0 (rcs-revision 1.14)

(C:\Users\mayaarl\AppData\Roaming\MiKTeX\2.9\tex\latex\pgf\basiclayer\pgfcore.s
ty ("C:\Program Files (x86)\MiKTeX 2.9\tex\latex\graphics\graphicx.sty"
Package: graphicx 1999/02/16 v1.0f Enhanced LaTeX Graphics (DPC,SPQR)

("C:\Program Files (x86)\MiKTeX 2.9\tex\latex\graphics\graphics.sty"
Package: graphics 2009/02/05 v1.0o Standard LaTeX Graphics (DPC,SPQR)

("C:\Program Files (x86)\MiKTeX 2.9\tex\latex\graphics\trig.sty"
Package: trig 1999/03/16 v1.09 sin cos tan (DPC)
)
("C:\Program Files (x86)\MiKTeX 2.9\tex\latex\00miktex\graphics.cfg"
File: graphics.cfg 2007/01/18 v1.5 graphics configuration of teTeX/TeXLive
)
Package graphics Info: Driver file: pdftex.def on input line 91.
)
\Gin@req@height=\dimen146
\Gin@req@width=\dimen147
)
(C:\Users\mayaarl\AppData\Roaming\MiKTeX\2.9\tex\latex\pgf\systemlayer\pgfsys.s
ty
(C:\Users\mayaarl\AppData\Roaming\MiKTeX\2.9\tex\generic\pgf\systemlayer\pgfsys
.code.tex
Package: pgfsys 2013/11/30 v3.0.0 (rcs-revision 1.47)

(C:\Users\mayaarl\AppData\Roaming\MiKTeX\2.9\tex\generic\pgf\utilities\pgfkeys.
code.tex
\pgfkeys@pathtoks=\toks28
\pgfkeys@temptoks=\toks29

(C:\Users\mayaarl\AppData\Roaming\MiKTeX\2.9\tex\generic\pgf\utilities\pgfkeysf
iltered.code.tex
\pgfkeys@tmptoks=\toks30
))
\pgf@x=\dimen148
\pgf@y=\dimen149
\pgf@xa=\dimen150
\pgf@ya=\dimen151
\pgf@xb=\dimen152
\pgf@yb=\dimen153
\pgf@xc=\dimen154
\pgf@yc=\dimen155
\w@pgf@writea=\write3
\r@pgf@reada=\read1
\c@pgf@counta=\count150
\c@pgf@countb=\count151
\c@pgf@countc=\count152
\c@pgf@countd=\count153
\t@pgf@toka=\toks31
\t@pgf@tokb=\toks32
\t@pgf@tokc=\toks33

(C:\Users\mayaarl\AppData\Roaming\MiKTeX\2.9\tex\generic\pgf\systemlayer\pgf.cf
g
File: pgf.cfg 2008/05/14  (rcs-revision 1.7)
)
Driver file for pgf: pgfsys-pdftex.def

(C:\Users\mayaarl\AppData\Roaming\MiKTeX\2.9\tex\generic\pgf\systemlayer\pgfsys
-pdftex.def
File: pgfsys-pdftex.def 2013/07/18  (rcs-revision 1.33)

(C:\Users\mayaarl\AppData\Roaming\MiKTeX\2.9\tex\generic\pgf\systemlayer\pgfsys
-common-pdf.def
File: pgfsys-common-pdf.def 2013/10/10  (rcs-revision 1.13)
)))
(C:\Users\mayaarl\AppData\Roaming\MiKTeX\2.9\tex\generic\pgf\systemlayer\pgfsys
softpath.code.tex
File: pgfsyssoftpath.code.tex 2013/09/09  (rcs-revision 1.9)
\pgfsyssoftpath@smallbuffer@items=\count154
\pgfsyssoftpath@bigbuffer@items=\count155
)
(C:\Users\mayaarl\AppData\Roaming\MiKTeX\2.9\tex\generic\pgf\systemlayer\pgfsys
protocol.code.tex
File: pgfsysprotocol.code.tex 2006/10/16  (rcs-revision 1.4)
))
(C:\Users\mayaarl\AppData\Roaming\MiKTeX\2.9\tex\generic\pgf\basiclayer\pgfcore
.code.tex
Package: pgfcore 2010/04/11 v3.0.0 (rcs-revision 1.7)

(C:\Users\mayaarl\AppData\Roaming\MiKTeX\2.9\tex\generic\pgf\math\pgfmath.code.
tex
(C:\Users\mayaarl\AppData\Roaming\MiKTeX\2.9\tex\generic\pgf\math\pgfmathcalc.c
ode.tex
(C:\Users\mayaarl\AppData\Roaming\MiKTeX\2.9\tex\generic\pgf\math\pgfmathutil.c
ode.tex)
(C:\Users\mayaarl\AppData\Roaming\MiKTeX\2.9\tex\generic\pgf\math\pgfmathparser
.code.tex
\pgfmath@dimen=\dimen156
\pgfmath@count=\count156
\pgfmath@box=\box59
\pgfmath@toks=\toks34
\pgfmath@stack@operand=\toks35
\pgfmath@stack@operation=\toks36
)
(C:\Users\mayaarl\AppData\Roaming\MiKTeX\2.9\tex\generic\pgf\math\pgfmathfuncti
ons.code.tex
(C:\Users\mayaarl\AppData\Roaming\MiKTeX\2.9\tex\generic\pgf\math\pgfmathfuncti
ons.basic.code.tex)
(C:\Users\mayaarl\AppData\Roaming\MiKTeX\2.9\tex\generic\pgf\math\pgfmathfuncti
ons.trigonometric.code.tex)
(C:\Users\mayaarl\AppData\Roaming\MiKTeX\2.9\tex\generic\pgf\math\pgfmathfuncti
ons.random.code.tex)
(C:\Users\mayaarl\AppData\Roaming\MiKTeX\2.9\tex\generic\pgf\math\pgfmathfuncti
ons.comparison.code.tex)
(C:\Users\mayaarl\AppData\Roaming\MiKTeX\2.9\tex\generic\pgf\math\pgfmathfuncti
ons.base.code.tex)
(C:\Users\mayaarl\AppData\Roaming\MiKTeX\2.9\tex\generic\pgf\math\pgfmathfuncti
ons.round.code.tex)
(C:\Users\mayaarl\AppData\Roaming\MiKTeX\2.9\tex\generic\pgf\math\pgfmathfuncti
ons.misc.code.tex)
(C:\Users\mayaarl\AppData\Roaming\MiKTeX\2.9\tex\generic\pgf\math\pgfmathfuncti
ons.integerarithmetics.code.tex)))
(C:\Users\mayaarl\AppData\Roaming\MiKTeX\2.9\tex\generic\pgf\math\pgfmathfloat.
code.tex
\c@pgfmathroundto@lastzeros=\count157
))
(C:\Users\mayaarl\AppData\Roaming\MiKTeX\2.9\tex\generic\pgf\basiclayer\pgfcore
points.code.tex
File: pgfcorepoints.code.tex 2013/10/07  (rcs-revision 1.27)
\pgf@picminx=\dimen157
\pgf@picmaxx=\dimen158
\pgf@picminy=\dimen159
\pgf@picmaxy=\dimen160
\pgf@pathminx=\dimen161
\pgf@pathmaxx=\dimen162
\pgf@pathminy=\dimen163
\pgf@pathmaxy=\dimen164
\pgf@xx=\dimen165
\pgf@xy=\dimen166
\pgf@yx=\dimen167
\pgf@yy=\dimen168
\pgf@zx=\dimen169
\pgf@zy=\dimen170
)
(C:\Users\mayaarl\AppData\Roaming\MiKTeX\2.9\tex\generic\pgf\basiclayer\pgfcore
pathconstruct.code.tex
File: pgfcorepathconstruct.code.tex 2013/10/07  (rcs-revision 1.29)
\pgf@path@lastx=\dimen171
\pgf@path@lasty=\dimen172
)
(C:\Users\mayaarl\AppData\Roaming\MiKTeX\2.9\tex\generic\pgf\basiclayer\pgfcore
pathusage.code.tex
File: pgfcorepathusage.code.tex 2013/12/13  (rcs-revision 1.23)
\pgf@shorten@end@additional=\dimen173
\pgf@shorten@start@additional=\dimen174
)
(C:\Users\mayaarl\AppData\Roaming\MiKTeX\2.9\tex\generic\pgf\basiclayer\pgfcore
scopes.code.tex
File: pgfcorescopes.code.tex 2013/10/09  (rcs-revision 1.44)
\pgfpic=\box60
\pgf@hbox=\box61
\pgf@layerbox@main=\box62
\pgf@picture@serial@count=\count158
)
(C:\Users\mayaarl\AppData\Roaming\MiKTeX\2.9\tex\generic\pgf\basiclayer\pgfcore
graphicstate.code.tex
File: pgfcoregraphicstate.code.tex 2013/09/19  (rcs-revision 1.11)
\pgflinewidth=\dimen175
)
(C:\Users\mayaarl\AppData\Roaming\MiKTeX\2.9\tex\generic\pgf\basiclayer\pgfcore
transformations.code.tex
File: pgfcoretransformations.code.tex 2013/10/10  (rcs-revision 1.17)
\pgf@pt@x=\dimen176
\pgf@pt@y=\dimen177
\pgf@pt@temp=\dimen178
)
(C:\Users\mayaarl\AppData\Roaming\MiKTeX\2.9\tex\generic\pgf\basiclayer\pgfcore
quick.code.tex
File: pgfcorequick.code.tex 2008/10/09  (rcs-revision 1.3)
)
(C:\Users\mayaarl\AppData\Roaming\MiKTeX\2.9\tex\generic\pgf\basiclayer\pgfcore
objects.code.tex
File: pgfcoreobjects.code.tex 2006/10/11  (rcs-revision 1.2)
)
(C:\Users\mayaarl\AppData\Roaming\MiKTeX\2.9\tex\generic\pgf\basiclayer\pgfcore
pathprocessing.code.tex
File: pgfcorepathprocessing.code.tex 2013/09/09  (rcs-revision 1.9)
)
(C:\Users\mayaarl\AppData\Roaming\MiKTeX\2.9\tex\generic\pgf\basiclayer\pgfcore
arrows.code.tex
File: pgfcorearrows.code.tex 2013/11/07  (rcs-revision 1.40)
\pgfarrowsep=\dimen179
)
(C:\Users\mayaarl\AppData\Roaming\MiKTeX\2.9\tex\generic\pgf\basiclayer\pgfcore
shade.code.tex
File: pgfcoreshade.code.tex 2013/07/15  (rcs-revision 1.15)
\pgf@max=\dimen180
\pgf@sys@shading@range@num=\count159
)
(C:\Users\mayaarl\AppData\Roaming\MiKTeX\2.9\tex\generic\pgf\basiclayer\pgfcore
image.code.tex
File: pgfcoreimage.code.tex 2013/07/15  (rcs-revision 1.18)

(C:\Users\mayaarl\AppData\Roaming\MiKTeX\2.9\tex\generic\pgf\basiclayer\pgfcore
external.code.tex
File: pgfcoreexternal.code.tex 2013/07/15  (rcs-revision 1.20)
\pgfexternal@startupbox=\box63
))
(C:\Users\mayaarl\AppData\Roaming\MiKTeX\2.9\tex\generic\pgf\basiclayer\pgfcore
layers.code.tex
File: pgfcorelayers.code.tex 2013/07/18  (rcs-revision 1.7)
)
(C:\Users\mayaarl\AppData\Roaming\MiKTeX\2.9\tex\generic\pgf\basiclayer\pgfcore
transparency.code.tex
File: pgfcoretransparency.code.tex 2013/09/30  (rcs-revision 1.5)
)
(C:\Users\mayaarl\AppData\Roaming\MiKTeX\2.9\tex\generic\pgf\basiclayer\pgfcore
patterns.code.tex
File: pgfcorepatterns.code.tex 2013/11/07  (rcs-revision 1.5)
)))
(C:\Users\mayaarl\AppData\Roaming\MiKTeX\2.9\tex\generic\pgf\modules\pgfmodules
hapes.code.tex
File: pgfmoduleshapes.code.tex 2013/10/31  (rcs-revision 1.34)
\pgfnodeparttextbox=\box64
)
(C:\Users\mayaarl\AppData\Roaming\MiKTeX\2.9\tex\generic\pgf\modules\pgfmodulep
lot.code.tex
File: pgfmoduleplot.code.tex 2013/07/31  (rcs-revision 1.12)
)
(C:\Users\mayaarl\AppData\Roaming\MiKTeX\2.9\tex\latex\pgf\compatibility\pgfcom
p-version-0-65.sty
Package: pgfcomp-version-0-65 2007/07/03 v3.0.0 (rcs-revision 1.7)
\pgf@nodesepstart=\dimen181
\pgf@nodesepend=\dimen182
)
(C:\Users\mayaarl\AppData\Roaming\MiKTeX\2.9\tex\latex\pgf\compatibility\pgfcom
p-version-1-18.sty
Package: pgfcomp-version-1-18 2007/07/23 v3.0.0 (rcs-revision 1.1)
))
(C:\Users\mayaarl\AppData\Roaming\MiKTeX\2.9\tex\latex\pgf\utilities\pgffor.sty

(C:\Users\mayaarl\AppData\Roaming\MiKTeX\2.9\tex\latex\pgf\utilities\pgfkeys.st
y
(C:\Users\mayaarl\AppData\Roaming\MiKTeX\2.9\tex\generic\pgf\utilities\pgfkeys.
code.tex))
(C:\Users\mayaarl\AppData\Roaming\MiKTeX\2.9\tex\latex\pgf\math\pgfmath.sty
(C:\Users\mayaarl\AppData\Roaming\MiKTeX\2.9\tex\generic\pgf\math\pgfmath.code.
tex))
(C:\Users\mayaarl\AppData\Roaming\MiKTeX\2.9\tex\generic\pgf\utilities\pgffor.c
ode.tex
Package: pgffor 2013/12/13 v3.0.0 (rcs-revision 1.25)

(C:\Users\mayaarl\AppData\Roaming\MiKTeX\2.9\tex\generic\pgf\math\pgfmath.code.
tex)
\pgffor@iter=\dimen183
\pgffor@skip=\dimen184
\pgffor@stack=\toks37
\pgffor@toks=\toks38
))
(C:\Users\mayaarl\AppData\Roaming\MiKTeX\2.9\tex\generic\pgf\frontendlayer\tikz
\tikz.code.tex
Package: tikz 2013/12/13 v3.0.0 (rcs-revision 1.142)

(C:\Users\mayaarl\AppData\Roaming\MiKTeX\2.9\tex\generic\pgf\libraries\pgflibra
ryplothandlers.code.tex
File: pgflibraryplothandlers.code.tex 2013/08/31 v3.0.0 (rcs-revision 1.20)
\pgf@plot@mark@count=\count160
\pgfplotmarksize=\dimen185
)
\tikz@lastx=\dimen186
\tikz@lasty=\dimen187
\tikz@lastxsaved=\dimen188
\tikz@lastysaved=\dimen189
\tikzleveldistance=\dimen190
\tikzsiblingdistance=\dimen191
\tikz@figbox=\box65
\tikz@figbox@bg=\box66
\tikz@tempbox=\box67
\tikz@tempbox@bg=\box68
\tikztreelevel=\count161
\tikznumberofchildren=\count162
\tikznumberofcurrentchild=\count163
\tikz@fig@count=\count164

(C:\Users\mayaarl\AppData\Roaming\MiKTeX\2.9\tex\generic\pgf\modules\pgfmodulem
atrix.code.tex
File: pgfmodulematrix.code.tex 2013/09/17  (rcs-revision 1.8)
\pgfmatrixcurrentrow=\count165
\pgfmatrixcurrentcolumn=\count166
\pgf@matrix@numberofcolumns=\count167
)
\tikz@expandcount=\count168

(C:\Users\mayaarl\AppData\Roaming\MiKTeX\2.9\tex\generic\pgf\frontendlayer\tikz
\libraries\tikzlibrarytopaths.code.tex
File: tikzlibrarytopaths.code.tex 2008/06/17 v3.0.0 (rcs-revision 1.2)
)))
(C:\Users\mayaarl\AppData\Roaming\MiKTeX\2.9\tex\latex\pgfplots\pgfplots.sty
(C:\Users\mayaarl\AppData\Roaming\MiKTeX\2.9\tex\generic\pgfplots\pgfplots.revi
sion.tex)
Package: pgfplots 2015/01/31 v1.12 Data Visualization (1.12)

(C:\Users\mayaarl\AppData\Roaming\MiKTeX\2.9\tex\generic\pgfplots\pgfplots.code
.tex
(C:\Users\mayaarl\AppData\Roaming\MiKTeX\2.9\tex\generic\pgfplots\pgfplotscore.
code.tex
\t@pgfplots@toka=\toks39
\t@pgfplots@tokb=\toks40
\t@pgfplots@tokc=\toks41
\pgfplots@tmpa=\dimen192
\c@pgfplots@coordindex=\count169
\c@pgfplots@scanlineindex=\count170

(C:\Users\mayaarl\AppData\Roaming\MiKTeX\2.9\tex\generic\pgfplots\sys\pgfplotss
ysgeneric.code.tex))
(C:\Users\mayaarl\AppData\Roaming\MiKTeX\2.9\tex\generic\pgfplots\libs\pgfplots
library.code.tex)
(C:\Users\mayaarl\AppData\Roaming\MiKTeX\2.9\tex\generic\pgfplots\oldpgfcompati
b\pgfplotsoldpgfsupp_loader.code.tex
(C:\Users\mayaarl\AppData\Roaming\MiKTeX\2.9\tex\generic\pgf\libraries\pgflibra
ryfpu.code.tex)
Package pgfplots: loading complementary arithmetics for your pgf version...

(C:\Users\mayaarl\AppData\Roaming\MiKTeX\2.9\tex\generic\pgfplots\oldpgfcompati
b\pgfplotsoldpgfsupp_pgflibraryfpu.code.tex)
(C:\Users\mayaarl\AppData\Roaming\MiKTeX\2.9\tex\generic\pgfplots\oldpgfcompati
b\pgfplotsoldpgfsupp_pgfmathfloat.code.tex
\c@pgfmathroundto@lastzeros=\count171
)
(C:\Users\mayaarl\AppData\Roaming\MiKTeX\2.9\tex\generic\pgfplots\oldpgfcompati
b\pgfplotsoldpgfsupp_trig_format.code.tex))
(C:\Users\mayaarl\AppData\Roaming\MiKTeX\2.9\tex\generic\pgfplots\util\pgfplots
util.code.tex
(C:\Users\mayaarl\AppData\Roaming\MiKTeX\2.9\tex\generic\pgfplots\liststructure
\pgfplotsliststructure.code.tex)
(C:\Users\mayaarl\AppData\Roaming\MiKTeX\2.9\tex\generic\pgfplots\liststructure
\pgfplotsliststructureext.code.tex)
(C:\Users\mayaarl\AppData\Roaming\MiKTeX\2.9\tex\generic\pgfplots\liststructure
\pgfplotsarray.code.tex
\c@pgfplotsarray@tmp=\count172
)
(C:\Users\mayaarl\AppData\Roaming\MiKTeX\2.9\tex\generic\pgfplots\liststructure
\pgfplotsmatrix.code.tex)
(C:\Users\mayaarl\AppData\Roaming\MiKTeX\2.9\tex\generic\pgfplots\numtable\pgfp
lotstableshared.code.tex
\c@pgfplotstable@counta=\count173
\t@pgfplotstable@a=\toks42
)
(C:\Users\mayaarl\AppData\Roaming\MiKTeX\2.9\tex\generic\pgfplots\liststructure
\pgfplotsdeque.code.tex)
(C:\Users\mayaarl\AppData\Roaming\MiKTeX\2.9\tex\generic\pgfplots\util\pgfplots
binary.code.tex
(C:\Users\mayaarl\AppData\Roaming\MiKTeX\2.9\tex\generic\pgfplots\util\pgfplots
binary.data.code.tex))
(C:\Users\mayaarl\AppData\Roaming\MiKTeX\2.9\tex\generic\pgfplots\util\pgfplots
util.verb.code.tex)
(C:\Users\mayaarl\AppData\Roaming\MiKTeX\2.9\tex\generic\pgfplots\libs\pgflibra
rypgfplots.surfshading.code.tex
\c@pgfplotslibrarysurf@no=\count174

(C:\Users\mayaarl\AppData\Roaming\MiKTeX\2.9\tex\generic\pgfplots\sys\pgflibrar
ypgfplots.surfshading.pgfsys-pdftex.def)))
(C:\Users\mayaarl\AppData\Roaming\MiKTeX\2.9\tex\generic\pgfplots\util\pgfplots
colormap.code.tex
(C:\Users\mayaarl\AppData\Roaming\MiKTeX\2.9\tex\generic\pgfplots\util\pgfplots
color.code.tex))
(C:\Users\mayaarl\AppData\Roaming\MiKTeX\2.9\tex\generic\pgfplots\pgfplotsstack
edplots.code.tex)
(C:\Users\mayaarl\AppData\Roaming\MiKTeX\2.9\tex\generic\pgfplots\pgfplotsploth
andlers.code.tex
(C:\Users\mayaarl\AppData\Roaming\MiKTeX\2.9\tex\generic\pgfplots\pgfplotsmeshp
lothandler.code.tex))
(C:\Users\mayaarl\AppData\Roaming\MiKTeX\2.9\tex\generic\pgfplots\pgfplots.scal
ing.code.tex)
(C:\Users\mayaarl\AppData\Roaming\MiKTeX\2.9\tex\generic\pgfplots\pgfplotscoord
processing.code.tex)
(C:\Users\mayaarl\AppData\Roaming\MiKTeX\2.9\tex\generic\pgfplots\pgfplots.erro
rbars.code.tex)
(C:\Users\mayaarl\AppData\Roaming\MiKTeX\2.9\tex\generic\pgfplots\pgfplots.mark
ers.code.tex)
(C:\Users\mayaarl\AppData\Roaming\MiKTeX\2.9\tex\generic\pgfplots\pgfplotsticks
.code.tex)
(C:\Users\mayaarl\AppData\Roaming\MiKTeX\2.9\tex\generic\pgfplots\pgfplots.path
s.code.tex)
(C:\Users\mayaarl\AppData\Roaming\MiKTeX\2.9\tex\generic\pgf\frontendlayer\tikz
\libraries\tikzlibrarydecorations.code.tex
(C:\Users\mayaarl\AppData\Roaming\MiKTeX\2.9\tex\generic\pgf\modules\pgfmoduled
ecorations.code.tex
\pgfdecoratedcompleteddistance=\dimen193
\pgfdecoratedremainingdistance=\dimen194
\pgfdecoratedinputsegmentcompleteddistance=\dimen195
\pgfdecoratedinputsegmentremainingdistance=\dimen196
\pgf@decorate@distancetomove=\dimen197
\pgf@decorate@repeatstate=\count175
\pgfdecorationsegmentamplitude=\dimen198
\pgfdecorationsegmentlength=\dimen199
)
\tikz@lib@dec@box=\box69
)
(C:\Users\mayaarl\AppData\Roaming\MiKTeX\2.9\tex\generic\pgf\frontendlayer\tikz
\libraries\tikzlibrarydecorations.pathmorphing.code.tex
(C:\Users\mayaarl\AppData\Roaming\MiKTeX\2.9\tex\generic\pgf\libraries\decorati
ons\pgflibrarydecorations.pathmorphing.code.tex))
(C:\Users\mayaarl\AppData\Roaming\MiKTeX\2.9\tex\generic\pgf\frontendlayer\tikz
\libraries\tikzlibrarydecorations.pathreplacing.code.tex
(C:\Users\mayaarl\AppData\Roaming\MiKTeX\2.9\tex\generic\pgf\libraries\decorati
ons\pgflibrarydecorations.pathreplacing.code.tex))
\pgfplots@numplots=\count176
\pgfplots@xmin@reg=\dimen200
\pgfplots@xmax@reg=\dimen201
\pgfplots@ymin@reg=\dimen202
\pgfplots@ymax@reg=\dimen203
\pgfplots@zmin@reg=\dimen204
\pgfplots@zmax@reg=\dimen205
)
(C:\Users\mayaarl\AppData\Roaming\MiKTeX\2.9\tex\generic\pgf\frontendlayer\tikz
\libraries\tikzlibraryplotmarks.code.tex
File: tikzlibraryplotmarks.code.tex 2008/01/09 v3.0.0 (rcs-revision 1.1)

(C:\Users\mayaarl\AppData\Roaming\MiKTeX\2.9\tex\generic\pgf\libraries\pgflibra
ryplotmarks.code.tex
File: pgflibraryplotmarks.code.tex 2013/07/20 v3.0.0 (rcs-revision 1.13)
)))
(C:\Users\mayaarl\Documents\GitHub\AutomaticOptimisticSynchronization\Tex\src-D
ISC-camera-ready\plotsStyle.tex)
(C:\Users\mayaarl\Documents\GitHub\AutomaticOptimisticSynchronization\Tex\src-D
ISC-camera-ready\macros.tex)
(C:\Users\mayaarl\Documents\GitHub\AutomaticOptimisticSynchronization\Tex\src-D
ISC-camera-ready\document.aux

LaTeX Warning: Label `code:begin' multiply defined.


LaTeX Warning: Label `sub@code:begin' multiply defined.


LaTeX Warning: Label `unbalancedLegened' multiply defined.


LaTeX Warning: Label `balancedLegened' multiply defined.

)
LaTeX Font Info:    Checking defaults for OML/cmm/m/it on input line 17.
LaTeX Font Info:    ... okay on input line 17.
LaTeX Font Info:    Checking defaults for T1/cmr/m/n on input line 17.
LaTeX Font Info:    ... okay on input line 17.
LaTeX Font Info:    Checking defaults for OT1/cmr/m/n on input line 17.
LaTeX Font Info:    ... okay on input line 17.
LaTeX Font Info:    Checking defaults for OMS/cmsy/m/n on input line 17.
LaTeX Font Info:    ... okay on input line 17.
LaTeX Font Info:    Checking defaults for OMX/cmex/m/n on input line 17.
LaTeX Font Info:    ... okay on input line 17.
LaTeX Font Info:    Checking defaults for U/cmr/m/n on input line 17.
LaTeX Font Info:    ... okay on input line 17.
LaTeX Font Info:    Checking defaults for PD1/pdf/m/n on input line 17.
LaTeX Font Info:    ... okay on input line 17.
\AtBeginShipoutBox=\box70
Package hyperref Info: Link coloring ON on input line 17.
 ("C:\Program Files (x86)\MiKTeX 2.9\tex\latex\hyperref\nameref.sty"
Package: nameref 2012/10/27 v2.43 Cross-referencing by name of section

("C:\Program Files (x86)\MiKTeX 2.9\tex\generic\oberdiek\gettitlestring.sty"
Package: gettitlestring 2010/12/03 v1.4 Cleanup title references (HO)
)
\c@section@level=\count177
)
LaTeX Info: Redefining \ref on input line 17.
LaTeX Info: Redefining \pageref on input line 17.
LaTeX Info: Redefining \nameref on input line 17.

(C:\Users\mayaarl\Documents\GitHub\AutomaticOptimisticSynchronization\Tex\src-D
ISC-camera-ready\document.out)
(C:\Users\mayaarl\Documents\GitHub\AutomaticOptimisticSynchronization\Tex\src-D
ISC-camera-ready\document.out)
\@outlinefile=\write4
Package caption Info: Begin \AtBeginDocument code.
Package caption Info: End \AtBeginDocument code.

(C:\Users\mayaarl\AppData\Roaming\MiKTeX\2.9\tex\context\base\supp-pdf.mkii
[Loading MPS to PDF converter (version 2006.09.02).]
\scratchcounter=\count178
\scratchdimen=\dimen206
\scratchbox=\box71
\nofMPsegments=\count179
\nofMParguments=\count180
\everyMPshowfont=\toks43
\MPscratchCnt=\count181
\MPscratchDim=\dimen207
\MPnumerator=\count182
\makeMPintoPDFobject=\count183
\everyMPtoPDFconversion=\toks44
) ABD: EveryShipout initializing macros

Package pgfplots Warning: running in backwards compatibility mode (unsuitable t
ick labels; missing features). Consider writing \pgfplotsset{compat=1.12} into 
your preamble.
 on input line 17.


Package hyperref Warning: Token not allowed in a PDF string (PDFDocEncoding):
(hyperref)                removing `\\' on input line 35.


(C:\Users\mayaarl\Documents\GitHub\AutomaticOptimisticSynchronization\Tex\src-D
ISC-camera-ready\introduction.tex

LaTeX Warning: Citation `AfekKKMT2012' on page 1 undefined on input line 13.


LaTeX Warning: Citation `HerlihyLLS2007' on page 1 undefined on input line 13.


LaTeX Warning: Citation `fraser2004practical' on page 1 undefined on input line
 13.

[1

{C:/Users/mayaarl/AppData/Local/MiKTeX/2.9/pdftex/config/pdftex.map}]
Underfull \vbox (badness 2158) has occurred while \output is active []

 [2])
(C:\Users\mayaarl\Documents\GitHub\AutomaticOptimisticSynchronization\Tex\src-D
ISC-camera-ready\algorithmB.tex [3] [4]
LaTeX Font Info:    Try loading font information for OT1+pcr on input line 118.


("C:\Program Files (x86)\MiKTeX 2.9\tex\latex\psnfss\ot1pcr.fd"
File: ot1pcr.fd 2001/06/04 font definitions for OT1/pcr.
)
LaTeX Font Info:    Font shape `OT1/pcr/m/it' in size <9> not available
(Font)              Font shape `OT1/pcr/m/sl' tried instead on input line 119.

Underfull \hbox (badness 10000) in paragraph at lines 119--120
[]\OT1/pcr/m/sc/9 Function \OT1/pcr/m/sl/9 addThird\OT1/pcr/m/n/9 (List
 []

LaTeX Font Info:    Font shape `OT1/pcr/bx/n' in size <9> not available
(Font)              Font shape `OT1/pcr/b/n' tried instead on input line 123.

Underfull \hbox (badness 10000) in paragraph at lines 162--163
[]\OT1/pcr/m/sc/9 Function \OT1/pcr/m/sl/9 addThird\OT1/pcr/m/n/9 (List
 []


Underfull \hbox (badness 10000) in paragraph at lines 165--166
[]   \OT1/pcr/b/n/9 lockedSet.init(),
 []


Underfull \hbox (badness 10000) in paragraph at lines 166--167
[]   \OT1/pcr/b/n/9 if !track(list) then goto
 []


Underfull \hbox (badness 10000) in paragraph at lines 168--169
[]   \OT1/pcr/b/n/9 if !track(prev) then goto
 []


Underfull \hbox (badness 10000) in paragraph at lines 171--172
[]   \OT1/pcr/b/n/9 if !track(succ) then goto
 []


Underfull \hbox (badness 10000) in paragraph at lines 175--176
[]  \OT1/pcr/b/n/9 if !track(succ) then goto
 []


Underfull \hbox (badness 10000) in paragraph at lines 179--180
[]  \OT1/pcr/b/n/9 for all obj in lockedSet
 []


Underfull \hbox (badness 10000) in paragraph at lines 183--184
[]  \OT1/pcr/b/n/9 if !validateReadSet()
 []


Underfull \hbox (badness 10000) in paragraph at lines 222--223
[] \OT1/pcr/m/n/9 long ver =
 []


Underfull \hbox (badness 10000) in paragraph at lines 227--228
[] \OT1/pcr/m/n/9 if $\OMS/cmsy/m/n/9 h$\OT1/pcr/m/n/9 obj,v$\OMS/cmsy/m/n/9 i 
2$\OT1/pcr/m/n/9 readSet and
 []


Underfull \hbox (badness 10000) in paragraph at lines 230--231
[] \OT1/pcr/m/n/9 if obj.isLockedByAnother()
 []


Underfull \hbox (badness 10000) in paragraph at lines 247--248
[] \OT1/pcr/m/n/9 for all $\OMS/cmsy/m/n/9 h$\OT1/pcr/m/n/9 obj,ver$\OMS/cmsy/m
/n/9 i$ \OT1/pcr/m/n/9 in
 []


Underfull \hbox (badness 10000) in paragraph at lines 248--249
[] \OT1/pcr/m/n/9 if
 []


Underfull \hbox (badness 10000) in paragraph at lines 248--249
\OT1/pcr/m/n/9 obj.isLockedByAnother()
 []


Underfull \hbox (badness 10000) in paragraph at lines 252--253
[] \OT1/pcr/m/n/9 if obj.getVersion() !=
 []

[5] [6] [7]
LaTeX Font Info:    Font shape `OT1/pcr/m/it' in size <10> not available
(Font)              Font shape `OT1/pcr/m/sl' tried instead on input line 380.
 [8])
(C:\Users\mayaarl\Documents\GitHub\AutomaticOptimisticSynchronization\Tex\src-D
ISC-camera-ready\proof2.tex [9] [10])
(C:\Users\mayaarl\Documents\GitHub\AutomaticOptimisticSynchronization\Tex\src-D
ISC-camera-ready\evaluation2.tex [11] [12]
(C:\Users\mayaarl\Documents\GitHub\AutomaticOptimisticSynchronization\Tex\src-D
ISC-camera-ready\plots/unbalanced3.tex
PGFPlots: reading {results/trees-i1000000-u100.log}
PGFPlots: reading {results/trees-i1000000-u100.log}
PGFPlots: reading {results/trees-i1000000-u100.log}
PGFPlots: reading {results/trees-i1000000-u100.log}
PGFPlots: reading {results/trees-i1000000-u100.log}
PGFPlots: reading {results/trees-i1000000-u100.log}
PGFPlots: reading {results/trees-i1000000-u50.log}
PGFPlots: reading {results/trees-i1000000-u50.log}
PGFPlots: reading {results/trees-i1000000-u50.log}
PGFPlots: reading {results/trees-i1000000-u50.log}
PGFPlots: reading {results/trees-i1000000-u50.log}
PGFPlots: reading {results/trees-i1000000-u50.log}
PGFPlots: reading {results/trees-i1000000-u0.log}
PGFPlots: reading {results/trees-i1000000-u0.log}
PGFPlots: reading {results/trees-i1000000-u0.log}
PGFPlots: reading {results/trees-i1000000-u0.log}
PGFPlots: reading {results/trees-i1000000-u0.log}
)
Overfull \hbox (21.82773pt too wide) in paragraph at lines 51--141
 [][][][][][] 
 []


(C:\Users\mayaarl\Documents\GitHub\AutomaticOptimisticSynchronization\Tex\src-D
ISC-camera-ready\plots/balanced3.tex
PGFPlots: reading {results/trees-i1000000-u100.log}
PGFPlots: reading {results/trees-i1000000-u100.log}
PGFPlots: reading {results/trees-i1000000-u100.log}
PGFPlots: reading {results/trees-i1000000-u100.log}
PGFPlots: reading {results/trees-i1000000-u100.log}
PGFPlots: reading {results/trees-i1000000-u100.log}
PGFPlots: reading {results/trees-i1000000-u100.log}
PGFPlots: reading {results/trees-i1000000-u100.log}
PGFPlots: reading {results/trees-i1000000-u50.log}
PGFPlots: reading {results/trees-i1000000-u50.log}
PGFPlots: reading {results/trees-i1000000-u50.log}
PGFPlots: reading {results/trees-i1000000-u50.log}
PGFPlots: reading {results/trees-i1000000-u50.log}
PGFPlots: reading {results/trees-i1000000-u50.log}
PGFPlots: reading {results/trees-i1000000-u50.log}
PGFPlots: reading {results/trees-i1000000-u50.log}
PGFPlots: reading {results/trees-i1000000-u0.log}
PGFPlots: reading {results/trees-i1000000-u0.log}
PGFPlots: reading {results/trees-i1000000-u0.log}
PGFPlots: reading {results/trees-i1000000-u0.log}
PGFPlots: reading {results/trees-i1000000-u0.log}
PGFPlots: reading {results/trees-i1000000-u0.log}
PGFPlots: reading {results/trees-i1000000-u0.log}
))
(C:\Users\mayaarl\Documents\GitHub\AutomaticOptimisticSynchronization\Tex\src-D
ISC-camera-ready\related.tex

LaTeX Warning: Citation `AfekKKMT2012' on page 13 undefined on input line 4.


LaTeX Warning: Citation `HerlihyLLS2007' on page 13 undefined on input line 4.


LaTeX Warning: Citation `fraser2004practical' on page 13 undefined on input lin
e 4.


Overfull \hbox (0.28146pt too wide) in paragraph at lines 3--9
 []\OT1/cmr/m/it/10 Concurrent Data Struc-tures[] \OT1/cmr/m/n/10 Many so-phis-
ti-cated con-cur-rent data struc-tures (e.g.,
 []

[13])
(C:\Users\mayaarl\Documents\GitHub\AutomaticOptimisticSynchronization\Tex\src-D
ISC-camera-ready\discussion.tex [14])
(C:\Users\mayaarl\Documents\GitHub\AutomaticOptimisticSynchronization\Tex\src-D
ISC-camera-ready\document.bbl [15]
Underfull \hbox (badness 10000) in paragraph at lines 90--95
[]\OT1/cmr/m/n/9 J. Duffy.  A (brief) ret-ro-spec-tive on trans-ac-tional mem-
 []


Underfull \hbox (badness 10000) in paragraph at lines 90--95
\OT1/cmr/m/n/9 ory.  2010.  [][]$\OT1/pcr/m/n/9 http : / / joeduffyblog . com /
 2010 / 01 / 03 /$
 []

[16])
(C:\Users\mayaarl\Documents\GitHub\AutomaticOptimisticSynchronization\Tex\src-D
ISC-camera-ready\proof-appendix.tex
Overfull \hbox (64.49362pt too wide) in paragraph at lines 20--28
[]\OT1/cmr/m/n/10 An \OT1/cmr/m/it/10 ex-e-cu-tion \OT1/cmr/m/n/10 is an al-ter
-nat-ing se-quence of con-fig-u-ra-tions and steps, $\OML/cmm/m/it/10 C[]; s[];
 C[]; [] ; s[]; C[]; [] ;$
 []

[17] [18] [19] [20]) [21]
Package atveryend Info: Empty hook `BeforeClearDocument' on input line 94.
Package atveryend Info: Empty hook `AfterLastShipout' on input line 94.

(C:\Users\mayaarl\Documents\GitHub\AutomaticOptimisticSynchronization\Tex\src-D
ISC-camera-ready\document.aux)
Package atveryend Info: Executing hook `AtVeryEndDocument' on input line 94.
Package atveryend Info: Executing hook `AtEndAfterFileList' on input line 94.
Package rerunfilecheck Info: File `document.out' has not changed.
(rerunfilecheck)             Checksum: BC042604DDB7E1909DDBC79DBDF97470;95.


LaTeX Warning: There were undefined references.


LaTeX Warning: There were multiply-defined labels.

Package atveryend Info: Empty hook `AtVeryVeryEnd' on input line 94.
 ) 
Here is how much of TeX's memory you used:
 27216 strings out of 493921
 648424 string characters out of 3144870
 869365 words of memory out of 3000000
 29930 multiletter control sequences out of 15000+200000
 13267 words of font info for 47 fonts, out of 3000000 for 9000
 841 hyphenation exceptions out of 8191
 57i,17n,102p,12134b,1984s stack positions out of 5000i,500n,10000p,200000b,50000s
{C:/Program Files (x86)/MiKTeX 2.9/fonts/enc/dvips/fontname/8r.enc}<C:/Progra
m Files (x86)/MiKTeX 2.9/fonts/type1/public/amsfonts/cm/cmbx10.pfb><C:/Program 
Files (x86)/MiKTeX 2.9/fonts/type1/public/amsfonts/cm/cmbx12.pfb><C:/Program Fi
les (x86)/MiKTeX 2.9/fonts/type1/public/amsfonts/cm/cmbx9.pfb><C:/Program Files
 (x86)/MiKTeX 2.9/fonts/type1/public/amsfonts/cm/cmcsc10.pfb><C:/Program Files 
(x86)/MiKTeX 2.9/fonts/type1/public/amsfonts/cm/cmmi10.pfb><C:/Program Files (x
86)/MiKTeX 2.9/fonts/type1/public/amsfonts/cm/cmmi7.pfb><C:/Program Files (x86)
/MiKTeX 2.9/fonts/type1/public/amsfonts/cm/cmmi9.pfb><C:/Program Files (x86)/Mi
KTeX 2.9/fonts/type1/public/amsfonts/cm/cmr10.pfb><C:/Program Files (x86)/MiKTe
X 2.9/fonts/type1/public/amsfonts/cm/cmr5.pfb><C:/Program Files (x86)/MiKTeX 2.
9/fonts/type1/public/amsfonts/cm/cmr6.pfb><C:/Program Files (x86)/MiKTeX 2.9/fo
nts/type1/public/amsfonts/cm/cmr7.pfb><C:/Program Files (x86)/MiKTeX 2.9/fonts/
type1/public/amsfonts/cm/cmr9.pfb><C:/Program Files (x86)/MiKTeX 2.9/fonts/type
1/public/amsfonts/cm/cmsy10.pfb><C:/Program Files (x86)/MiKTeX 2.9/fonts/type1/
public/amsfonts/cm/cmsy5.pfb><C:/Program Files (x86)/MiKTeX 2.9/fonts/type1/pub
lic/amsfonts/cm/cmsy7.pfb><C:/Program Files (x86)/MiKTeX 2.9/fonts/type1/public
/amsfonts/cm/cmsy9.pfb><C:/Program Files (x86)/MiKTeX 2.9/fonts/type1/public/am
sfonts/cm/cmti10.pfb><C:/Program Files (x86)/MiKTeX 2.9/fonts/type1/public/amsf
onts/cm/cmti9.pfb><C:/Program Files (x86)/MiKTeX 2.9/fonts/type1/urw/courier/uc
rb8a.pfb><C:/Program Files (x86)/MiKTeX 2.9/fonts/type1/urw/courier/ucrr8a.pfb>
<C:/Program Files (x86)/MiKTeX 2.9/fonts/type1/urw/courier/ucrro8a.pfb>
Output written on document.pdf (21 pages, 392140 bytes).
PDF statistics:
 479 PDF objects out of 1000 (max. 8388607)
 119 named destinations out of 1000 (max. 500000)
 21 words of extra memory for PDF output out of 10000 (max. 10000000)

